{"C:\\Users\\roger\\source\\onvif\\.mocharc.js":{"path":"C:\\Users\\roger\\source\\onvif\\.mocharc.js","statementMap":{"0":{"start":{"line":1,"column":0},"end":{"line":4,"column":2}}},"fnMap":{},"branchMap":{},"s":{"0":1},"f":{},"b":{},"_coverageSchema":"43e27e138ebf9cfc5966b082cf9a028302ed4184","hash":"7fa76daaa762858e1f6207a39381bad2b25cc645","contentHash":"3a3501480406393761baaf18f2181ee8a372a84be6295b088c12f775149a78ab"},"C:\\Users\\roger\\source\\onvif\\lib\\utils.js":{"path":"C:\\Users\\roger\\source\\onvif\\lib\\utils.js","statementMap":{"0":{"start":{"line":8,"column":15},"end":{"line":8,"column":32}},"1":{"start":{"line":9,"column":14},"end":{"line":9,"column":40}},"2":{"start":{"line":10,"column":12},"end":{"line":10,"column":59}},"3":{"start":{"line":11,"column":17},"end":{"line":11,"column":32}},"4":{"start":{"line":19,"column":17},"end":{"line":40,"column":1}},"5":{"start":{"line":20,"column":1},"end":{"line":26,"column":2}},"6":{"start":{"line":21,"column":2},"end":{"line":25,"column":3}},"7":{"start":{"line":22,"column":3},"end":{"line":22,"column":28}},"8":{"start":{"line":24,"column":3},"end":{"line":24,"column":16}},"9":{"start":{"line":27,"column":1},"end":{"line":39,"column":2}},"10":{"start":{"line":28,"column":12},"end":{"line":28,"column":14}},"11":{"start":{"line":29,"column":2},"end":{"line":31,"column":5}},"12":{"start":{"line":30,"column":3},"end":{"line":30,"column":33}},"13":{"start":{"line":32,"column":2},"end":{"line":32,"column":13}},"14":{"start":{"line":34,"column":2},"end":{"line":34,"column":38}},"15":{"start":{"line":34,"column":24},"end":{"line":34,"column":36}},"16":{"start":{"line":35,"column":2},"end":{"line":35,"column":40}},"17":{"start":{"line":35,"column":25},"end":{"line":35,"column":38}},"18":{"start":{"line":36,"column":2},"end":{"line":36,"column":53}},"19":{"start":{"line":36,"column":28},"end":{"line":36,"column":51}},"20":{"start":{"line":37,"column":2},"end":{"line":37,"column":49}},"21":{"start":{"line":37,"column":26},"end":{"line":37,"column":47}},"22":{"start":{"line":38,"column":2},"end":{"line":38,"column":13}},"23":{"start":{"line":54,"column":24},"end":{"line":110,"column":1}},"24":{"start":{"line":56,"column":1},"end":{"line":56,"column":48}},"25":{"start":{"line":58,"column":1},"end":{"line":109,"column":2}},"26":{"start":{"line":59,"column":2},"end":{"line":106,"column":4}},"27":{"start":{"line":63,"column":5},"end":{"line":63,"column":40}},"28":{"start":{"line":64,"column":24},"end":{"line":64,"column":37}},"29":{"start":{"line":65,"column":5},"end":{"line":69,"column":6}},"30":{"start":{"line":66,"column":6},"end":{"line":66,"column":56}},"31":{"start":{"line":68,"column":6},"end":{"line":68,"column":17}},"32":{"start":{"line":73,"column":4},"end":{"line":104,"column":5}},"33":{"start":{"line":74,"column":5},"end":{"line":74,"column":65}},"34":{"start":{"line":76,"column":5},"end":{"line":102,"column":6}},"35":{"start":{"line":77,"column":18},"end":{"line":77,"column":59}},"36":{"start":{"line":79,"column":6},"end":{"line":85,"column":7}},"37":{"start":{"line":80,"column":7},"end":{"line":82,"column":8}},"38":{"start":{"line":81,"column":8},"end":{"line":81,"column":43}},"39":{"start":{"line":84,"column":7},"end":{"line":84,"column":19}},"40":{"start":{"line":86,"column":6},"end":{"line":92,"column":7}},"41":{"start":{"line":87,"column":7},"end":{"line":91,"column":8}},"42":{"start":{"line":88,"column":8},"end":{"line":88,"column":57}},"43":{"start":{"line":90,"column":8},"end":{"line":90,"column":20}},"44":{"start":{"line":93,"column":19},"end":{"line":93,"column":21}},"45":{"start":{"line":94,"column":6},"end":{"line":98,"column":7}},"46":{"start":{"line":95,"column":7},"end":{"line":95,"column":40}},"47":{"start":{"line":97,"column":7},"end":{"line":97,"column":19}},"48":{"start":{"line":101,"column":6},"end":{"line":101,"column":66}},"49":{"start":{"line":103,"column":5},"end":{"line":103,"column":52}},"50":{"start":{"line":108,"column":2},"end":{"line":108,"column":25}},"51":{"start":{"line":112,"column":11},"end":{"line":114,"column":1}},"52":{"start":{"line":113,"column":1},"end":{"line":113,"column":72}},"53":{"start":{"line":120,"column":13},"end":{"line":122,"column":1}},"54":{"start":{"line":121,"column":1},"end":{"line":121,"column":88}},"55":{"start":{"line":124,"column":0},"end":{"line":128,"column":2}}},"fnMap":{"0":{"name":"(anonymous_0)","decl":{"start":{"line":19,"column":17},"end":{"line":19,"column":18}},"loc":{"start":{"line":19,"column":31},"end":{"line":40,"column":1}},"line":19},"1":{"name":"(anonymous_1)","decl":{"start":{"line":29,"column":27},"end":{"line":29,"column":28}},"loc":{"start":{"line":29,"column":41},"end":{"line":31,"column":3}},"line":29},"2":{"name":"(anonymous_2)","decl":{"start":{"line":54,"column":24},"end":{"line":54,"column":25}},"loc":{"start":{"line":54,"column":48},"end":{"line":110,"column":1}},"line":54},"3":{"name":"(anonymous_3)","decl":{"start":{"line":62,"column":24},"end":{"line":62,"column":25}},"loc":{"start":{"line":62,"column":38},"end":{"line":70,"column":5}},"line":62},"4":{"name":"(anonymous_4)","decl":{"start":{"line":72,"column":5},"end":{"line":72,"column":6}},"loc":{"start":{"line":72,"column":27},"end":{"line":105,"column":4}},"line":72},"5":{"name":"(anonymous_5)","decl":{"start":{"line":112,"column":11},"end":{"line":112,"column":12}},"loc":{"start":{"line":112,"column":22},"end":{"line":114,"column":1}},"line":112},"6":{"name":"(anonymous_6)","decl":{"start":{"line":120,"column":13},"end":{"line":120,"column":14}},"loc":{"start":{"line":120,"column":24},"end":{"line":122,"column":1}},"line":120}},"branchMap":{"0":{"loc":{"start":{"line":20,"column":1},"end":{"line":26,"column":2}},"type":"if","locations":[{"start":{"line":20,"column":1},"end":{"line":26,"column":2}},{"start":{"line":20,"column":1},"end":{"line":26,"column":2}}],"line":20},"1":{"loc":{"start":{"line":21,"column":2},"end":{"line":25,"column":3}},"type":"if","locations":[{"start":{"line":21,"column":2},"end":{"line":25,"column":3}},{"start":{"line":21,"column":2},"end":{"line":25,"column":3}}],"line":21},"2":{"loc":{"start":{"line":27,"column":1},"end":{"line":39,"column":2}},"type":"if","locations":[{"start":{"line":27,"column":1},"end":{"line":39,"column":2}},{"start":{"line":27,"column":1},"end":{"line":39,"column":2}}],"line":27},"3":{"loc":{"start":{"line":34,"column":2},"end":{"line":34,"column":38}},"type":"if","locations":[{"start":{"line":34,"column":2},"end":{"line":34,"column":38}},{"start":{"line":34,"column":2},"end":{"line":34,"column":38}}],"line":34},"4":{"loc":{"start":{"line":35,"column":2},"end":{"line":35,"column":40}},"type":"if","locations":[{"start":{"line":35,"column":2},"end":{"line":35,"column":40}},{"start":{"line":35,"column":2},"end":{"line":35,"column":40}}],"line":35},"5":{"loc":{"start":{"line":36,"column":2},"end":{"line":36,"column":53}},"type":"if","locations":[{"start":{"line":36,"column":2},"end":{"line":36,"column":53}},{"start":{"line":36,"column":2},"end":{"line":36,"column":53}}],"line":36},"6":{"loc":{"start":{"line":37,"column":2},"end":{"line":37,"column":49}},"type":"if","locations":[{"start":{"line":37,"column":2},"end":{"line":37,"column":49}},{"start":{"line":37,"column":2},"end":{"line":37,"column":49}}],"line":37},"7":{"loc":{"start":{"line":65,"column":5},"end":{"line":69,"column":6}},"type":"if","locations":[{"start":{"line":65,"column":5},"end":{"line":69,"column":6}},{"start":{"line":65,"column":5},"end":{"line":69,"column":6}}],"line":65},"8":{"loc":{"start":{"line":65,"column":9},"end":{"line":65,"column":68}},"type":"binary-expr","locations":[{"start":{"line":65,"column":9},"end":{"line":65,"column":21}},{"start":{"line":65,"column":25},"end":{"line":65,"column":68}}],"line":65},"9":{"loc":{"start":{"line":73,"column":4},"end":{"line":104,"column":5}},"type":"if","locations":[{"start":{"line":73,"column":4},"end":{"line":104,"column":5}},{"start":{"line":73,"column":4},"end":{"line":104,"column":5}}],"line":73},"10":{"loc":{"start":{"line":73,"column":8},"end":{"line":73,"column":69}},"type":"binary-expr","locations":[{"start":{"line":73,"column":8},"end":{"line":73,"column":15}},{"start":{"line":73,"column":19},"end":{"line":73,"column":38}},{"start":{"line":73,"column":42},"end":{"line":73,"column":69}}],"line":73},"11":{"loc":{"start":{"line":76,"column":5},"end":{"line":102,"column":6}},"type":"if","locations":[{"start":{"line":76,"column":5},"end":{"line":102,"column":6}},{"start":{"line":76,"column":5},"end":{"line":102,"column":6}}],"line":76},"12":{"loc":{"start":{"line":76,"column":9},"end":{"line":76,"column":55}},"type":"binary-expr","locations":[{"start":{"line":76,"column":9},"end":{"line":76,"column":13}},{"start":{"line":76,"column":17},"end":{"line":76,"column":55}}],"line":76},"13":{"loc":{"start":{"line":80,"column":7},"end":{"line":82,"column":8}},"type":"if","locations":[{"start":{"line":80,"column":7},"end":{"line":82,"column":8}},{"start":{"line":80,"column":7},"end":{"line":82,"column":8}}],"line":80},"14":{"loc":{"start":{"line":86,"column":6},"end":{"line":92,"column":7}},"type":"if","locations":[{"start":{"line":86,"column":6},"end":{"line":92,"column":7}},{"start":{"line":86,"column":6},"end":{"line":92,"column":7}}],"line":86}},"s":{"0":1,"1":1,"2":1,"3":1,"4":1,"5":11529,"6":5348,"7":366,"8":4982,"9":11163,"10":5905,"11":5905,"12":10045,"13":5905,"14":5258,"15":337,"16":4921,"17":223,"18":4698,"19":605,"20":4093,"21":750,"22":3343,"23":1,"24":630,"25":630,"26":630,"27":13135,"28":13135,"29":13135,"30":12776,"31":359,"32":630,"33":1,"34":629,"35":240,"36":240,"37":240,"38":240,"39":0,"40":240,"41":0,"42":0,"43":0,"44":240,"45":240,"46":240,"47":0,"48":240,"49":629,"50":0,"51":1,"52":0,"53":1,"54":0,"55":1},"f":{"0":11529,"1":10045,"2":630,"3":13135,"4":630,"5":0,"6":0},"b":{"0":[5348,6181],"1":[366,4982],"2":[5905,5258],"3":[337,4921],"4":[223,4698],"5":[605,4093],"6":[750,3343],"7":[12776,359],"8":[13135,13135],"9":[1,629],"10":[630,629,629],"11":[240,389],"12":[629,629],"13":[240,0],"14":[0,240]},"_coverageSchema":"43e27e138ebf9cfc5966b082cf9a028302ed4184","hash":"e2bc2eeed09b370f88a8f4f3c5a13fe4d6b6d3aa","contentHash":"a60e4ebf1bc9dd03fca09b7314a20aeef535ed48c64263d01d87a5fde3d8e333"},"C:\\Users\\roger\\source\\onvif\\lib\\onvif.js":{"path":"C:\\Users\\roger\\source\\onvif\\lib\\onvif.js","statementMap":{"0":{"start":{"line":7,"column":0},"end":{"line":10,"column":2}}},"fnMap":{},"branchMap":{},"s":{"0":1},"f":{},"b":{},"_coverageSchema":"43e27e138ebf9cfc5966b082cf9a028302ed4184","hash":"636960ee082b06bbd09594f1506d2557cd57a2ce","contentHash":"52f2d60fd232940aceb1205de3f1258b53e3de5db29d5a758d8cbc4b939d2176"},"C:\\Users\\roger\\source\\onvif\\lib\\cam.js":{"path":"C:\\Users\\roger\\source\\onvif\\lib\\cam.js","statementMap":{"0":{"start":{"line":8,"column":13},"end":{"line":8,"column":28}},"1":{"start":{"line":9,"column":12},"end":{"line":9,"column":29}},"2":{"start":{"line":10,"column":12},"end":{"line":10,"column":29}},"3":{"start":{"line":11,"column":9},"end":{"line":11,"column":23}},"4":{"start":{"line":12,"column":10},"end":{"line":12,"column":25}},"5":{"start":{"line":13,"column":14},"end":{"line":13,"column":41}},"6":{"start":{"line":14,"column":21},"end":{"line":14,"column":55}},"7":{"start":{"line":15,"column":13},"end":{"line":15,"column":26}},"8":{"start":{"line":71,"column":10},"end":{"line":105,"column":1}},"9":{"start":{"line":72,"column":1},"end":{"line":72,"column":32}},"10":{"start":{"line":73,"column":1},"end":{"line":73,"column":32}},"11":{"start":{"line":74,"column":1},"end":{"line":74,"column":34}},"12":{"start":{"line":75,"column":1},"end":{"line":75,"column":34}},"13":{"start":{"line":76,"column":1},"end":{"line":76,"column":34}},"14":{"start":{"line":77,"column":1},"end":{"line":77,"column":32}},"15":{"start":{"line":78,"column":1},"end":{"line":78,"column":53}},"16":{"start":{"line":79,"column":1},"end":{"line":79,"column":42}},"17":{"start":{"line":80,"column":1},"end":{"line":80,"column":37}},"18":{"start":{"line":85,"column":1},"end":{"line":85,"column":57}},"19":{"start":{"line":87,"column":1},"end":{"line":87,"column":18}},"20":{"start":{"line":91,"column":1},"end":{"line":98,"column":15}},"21":{"start":{"line":93,"column":2},"end":{"line":97,"column":3}},"22":{"start":{"line":94,"column":3},"end":{"line":96,"column":17}},"23":{"start":{"line":95,"column":4},"end":{"line":95,"column":25}},"24":{"start":{"line":100,"column":1},"end":{"line":104,"column":2}},"25":{"start":{"line":101,"column":2},"end":{"line":103,"column":16}},"26":{"start":{"line":102,"column":3},"end":{"line":102,"column":26}},"27":{"start":{"line":108,"column":0},"end":{"line":108,"column":40}},"28":{"start":{"line":114,"column":0},"end":{"line":171,"column":2}},"29":{"start":{"line":120,"column":1},"end":{"line":170,"column":15}},"30":{"start":{"line":121,"column":2},"end":{"line":123,"column":3}},"31":{"start":{"line":122,"column":3},"end":{"line":122,"column":46}},"32":{"start":{"line":124,"column":2},"end":{"line":169,"column":16}},"33":{"start":{"line":125,"column":3},"end":{"line":168,"column":4}},"34":{"start":{"line":126,"column":4},"end":{"line":126,"column":47}},"35":{"start":{"line":128,"column":27},"end":{"line":128,"column":29}},"36":{"start":{"line":131,"column":4},"end":{"line":134,"column":5}},"37":{"start":{"line":132,"column":5},"end":{"line":132,"column":45}},"38":{"start":{"line":133,"column":5},"end":{"line":133,"column":49}},"39":{"start":{"line":135,"column":16},"end":{"line":135,"column":39}},"40":{"start":{"line":136,"column":18},"end":{"line":136,"column":23}},"41":{"start":{"line":138,"column":4},"end":{"line":167,"column":5}},"42":{"start":{"line":139,"column":5},"end":{"line":161,"column":19}},"43":{"start":{"line":140,"column":6},"end":{"line":160,"column":20}},"44":{"start":{"line":141,"column":7},"end":{"line":159,"column":8}},"45":{"start":{"line":142,"column":8},"end":{"line":146,"column":9}},"46":{"start":{"line":143,"column":9},"end":{"line":143,"column":34}},"47":{"start":{"line":144,"column":9},"end":{"line":144,"column":24}},"48":{"start":{"line":145,"column":9},"end":{"line":145,"column":16}},"49":{"start":{"line":148,"column":8},"end":{"line":158,"column":9}},"50":{"start":{"line":149,"column":9},"end":{"line":149,"column":33}},"51":{"start":{"line":154,"column":9},"end":{"line":154,"column":30}},"52":{"start":{"line":155,"column":9},"end":{"line":157,"column":10}},"53":{"start":{"line":156,"column":10},"end":{"line":156,"column":42}},"54":{"start":{"line":163,"column":5},"end":{"line":163,"column":26}},"55":{"start":{"line":164,"column":5},"end":{"line":166,"column":6}},"56":{"start":{"line":165,"column":6},"end":{"line":165,"column":40}},"57":{"start":{"line":190,"column":0},"end":{"line":267,"column":2}},"58":{"start":{"line":191,"column":1},"end":{"line":193,"column":2}},"59":{"start":{"line":192,"column":2},"end":{"line":192,"column":51}},"60":{"start":{"line":194,"column":13},"end":{"line":194,"column":17}},"61":{"start":{"line":195,"column":24},"end":{"line":195,"column":29}},"62":{"start":{"line":196,"column":18},"end":{"line":204,"column":2}},"63":{"start":{"line":205,"column":1},"end":{"line":209,"column":3}},"64":{"start":{"line":211,"column":1},"end":{"line":211,"column":28}},"65":{"start":{"line":212,"column":11},"end":{"line":232,"column":3}},"66":{"start":{"line":213,"column":13},"end":{"line":213,"column":15}},"67":{"start":{"line":213,"column":26},"end":{"line":213,"column":27}},"68":{"start":{"line":214,"column":2},"end":{"line":217,"column":5}},"69":{"start":{"line":215,"column":3},"end":{"line":215,"column":20}},"70":{"start":{"line":216,"column":3},"end":{"line":216,"column":26}},"71":{"start":{"line":218,"column":2},"end":{"line":231,"column":5}},"72":{"start":{"line":219,"column":3},"end":{"line":221,"column":4}},"73":{"start":{"line":220,"column":4},"end":{"line":220,"column":11}},"74":{"start":{"line":222,"column":3},"end":{"line":222,"column":27}},"75":{"start":{"line":223,"column":13},"end":{"line":223,"column":57}},"76":{"start":{"line":229,"column":3},"end":{"line":229,"column":34}},"77":{"start":{"line":230,"column":3},"end":{"line":230,"column":34}},"78":{"start":{"line":234,"column":1},"end":{"line":242,"column":4}},"79":{"start":{"line":235,"column":2},"end":{"line":239,"column":3}},"80":{"start":{"line":236,"column":3},"end":{"line":236,"column":10}},"81":{"start":{"line":238,"column":3},"end":{"line":238,"column":27}},"82":{"start":{"line":240,"column":2},"end":{"line":240,"column":41}},"83":{"start":{"line":241,"column":2},"end":{"line":241,"column":14}},"84":{"start":{"line":244,"column":1},"end":{"line":258,"column":4}},"85":{"start":{"line":245,"column":2},"end":{"line":247,"column":3}},"86":{"start":{"line":246,"column":3},"end":{"line":246,"column":10}},"87":{"start":{"line":248,"column":2},"end":{"line":248,"column":26}},"88":{"start":{"line":250,"column":2},"end":{"line":257,"column":3}},"89":{"start":{"line":251,"column":3},"end":{"line":251,"column":17}},"90":{"start":{"line":253,"column":9},"end":{"line":257,"column":3}},"91":{"start":{"line":254,"column":3},"end":{"line":254,"column":17}},"92":{"start":{"line":256,"column":3},"end":{"line":256,"column":17}},"93":{"start":{"line":264,"column":1},"end":{"line":264,"column":39}},"94":{"start":{"line":265,"column":1},"end":{"line":265,"column":25}},"95":{"start":{"line":266,"column":1},"end":{"line":266,"column":11}},"96":{"start":{"line":280,"column":0},"end":{"line":337,"column":2}},"97":{"start":{"line":288,"column":1},"end":{"line":336,"column":15}},"98":{"start":{"line":297,"column":2},"end":{"line":311,"column":3}},"99":{"start":{"line":298,"column":3},"end":{"line":310,"column":4}},"100":{"start":{"line":299,"column":28},"end":{"line":299,"column":94}},"101":{"start":{"line":300,"column":19},"end":{"line":300,"column":89}},"102":{"start":{"line":301,"column":13},"end":{"line":301,"column":34}},"103":{"start":{"line":302,"column":14},"end":{"line":302,"column":124}},"104":{"start":{"line":304,"column":4},"end":{"line":306,"column":5}},"105":{"start":{"line":305,"column":5},"end":{"line":305,"column":55}},"106":{"start":{"line":307,"column":4},"end":{"line":307,"column":40}},"107":{"start":{"line":309,"column":4},"end":{"line":309,"column":40}},"108":{"start":{"line":312,"column":2},"end":{"line":335,"column":3}},"109":{"start":{"line":313,"column":3},"end":{"line":334,"column":4}},"110":{"start":{"line":315,"column":4},"end":{"line":331,"column":18}},"111":{"start":{"line":320,"column":5},"end":{"line":330,"column":6}},"112":{"start":{"line":321,"column":15},"end":{"line":321,"column":109}},"113":{"start":{"line":322,"column":16},"end":{"line":322,"column":126}},"114":{"start":{"line":324,"column":6},"end":{"line":326,"column":7}},"115":{"start":{"line":325,"column":7},"end":{"line":325,"column":57}},"116":{"start":{"line":327,"column":6},"end":{"line":327,"column":42}},"117":{"start":{"line":329,"column":6},"end":{"line":329,"column":42}},"118":{"start":{"line":333,"column":4},"end":{"line":333,"column":40}},"119":{"start":{"line":362,"column":0},"end":{"line":406,"column":2}},"120":{"start":{"line":363,"column":1},"end":{"line":365,"column":2}},"121":{"start":{"line":364,"column":2},"end":{"line":364,"column":73}},"122":{"start":{"line":366,"column":1},"end":{"line":405,"column":15}},"123":{"start":{"line":398,"column":2},"end":{"line":402,"column":3}},"124":{"start":{"line":399,"column":3},"end":{"line":401,"column":22}},"125":{"start":{"line":404,"column":2},"end":{"line":404,"column":38}},"126":{"start":{"line":483,"column":0},"end":{"line":536,"column":2}},"127":{"start":{"line":484,"column":1},"end":{"line":535,"column":15}},"128":{"start":{"line":491,"column":2},"end":{"line":531,"column":3}},"129":{"start":{"line":497,"column":3},"end":{"line":497,"column":90}},"130":{"start":{"line":499,"column":3},"end":{"line":510,"column":4}},"131":{"start":{"line":509,"column":4},"end":{"line":509,"column":18}},"132":{"start":{"line":511,"column":3},"end":{"line":515,"column":17}},"133":{"start":{"line":512,"column":4},"end":{"line":514,"column":5}},"134":{"start":{"line":513,"column":5},"end":{"line":513,"column":82}},"135":{"start":{"line":517,"column":3},"end":{"line":524,"column":4}},"136":{"start":{"line":518,"column":4},"end":{"line":523,"column":18}},"137":{"start":{"line":520,"column":5},"end":{"line":522,"column":6}},"138":{"start":{"line":521,"column":6},"end":{"line":521,"column":72}},"139":{"start":{"line":526,"column":3},"end":{"line":530,"column":4}},"140":{"start":{"line":527,"column":28},"end":{"line":527,"column":81}},"141":{"start":{"line":528,"column":4},"end":{"line":528,"column":87}},"142":{"start":{"line":529,"column":4},"end":{"line":529,"column":57}},"143":{"start":{"line":532,"column":2},"end":{"line":534,"column":3}},"144":{"start":{"line":533,"column":3},"end":{"line":533,"column":52}},"145":{"start":{"line":542,"column":0},"end":{"line":563,"column":2}},"146":{"start":{"line":543,"column":1},"end":{"line":562,"column":15}},"147":{"start":{"line":548,"column":2},"end":{"line":558,"column":3}},"148":{"start":{"line":549,"column":3},"end":{"line":549,"column":25}},"149":{"start":{"line":550,"column":3},"end":{"line":554,"column":5}},"150":{"start":{"line":555,"column":3},"end":{"line":557,"column":4}},"151":{"start":{"line":556,"column":4},"end":{"line":556,"column":134}},"152":{"start":{"line":559,"column":2},"end":{"line":561,"column":3}},"153":{"start":{"line":560,"column":3},"end":{"line":560,"column":59}},"154":{"start":{"line":579,"column":0},"end":{"line":671,"column":2}},"155":{"start":{"line":581,"column":1},"end":{"line":583,"column":2}},"156":{"start":{"line":582,"column":2},"end":{"line":582,"column":42}},"157":{"start":{"line":592,"column":1},"end":{"line":592,"column":27}},"158":{"start":{"line":598,"column":1},"end":{"line":598,"column":25}},"159":{"start":{"line":600,"column":1},"end":{"line":660,"column":15}},"160":{"start":{"line":602,"column":22},"end":{"line":602,"column":41}},"161":{"start":{"line":603,"column":27},"end":{"line":607,"column":5}},"162":{"start":{"line":604,"column":4},"end":{"line":606,"column":53}},"163":{"start":{"line":608,"column":2},"end":{"line":614,"column":3}},"164":{"start":{"line":609,"column":3},"end":{"line":613,"column":4}},"165":{"start":{"line":610,"column":4},"end":{"line":610,"column":50}},"166":{"start":{"line":612,"column":4},"end":{"line":612,"column":11}},"167":{"start":{"line":616,"column":2},"end":{"line":623,"column":3}},"168":{"start":{"line":622,"column":3},"end":{"line":622,"column":48}},"169":{"start":{"line":625,"column":2},"end":{"line":625,"column":53}},"170":{"start":{"line":627,"column":2},"end":{"line":630,"column":4}},"171":{"start":{"line":631,"column":2},"end":{"line":638,"column":3}},"172":{"start":{"line":632,"column":23},"end":{"line":632,"column":74}},"173":{"start":{"line":633,"column":3},"end":{"line":633,"column":61}},"174":{"start":{"line":634,"column":3},"end":{"line":634,"column":98}},"175":{"start":{"line":635,"column":3},"end":{"line":635,"column":100}},"176":{"start":{"line":636,"column":3},"end":{"line":636,"column":103}},"177":{"start":{"line":637,"column":3},"end":{"line":637,"column":109}},"178":{"start":{"line":640,"column":2},"end":{"line":647,"column":3}},"179":{"start":{"line":646,"column":3},"end":{"line":646,"column":47}},"180":{"start":{"line":649,"column":2},"end":{"line":659,"column":3}},"181":{"start":{"line":650,"column":3},"end":{"line":653,"column":5}},"182":{"start":{"line":663,"column":1},"end":{"line":670,"column":2}},"183":{"start":{"line":669,"column":2},"end":{"line":669,"column":69}},"184":{"start":{"line":692,"column":0},"end":{"line":709,"column":2}},"185":{"start":{"line":693,"column":1},"end":{"line":708,"column":15}},"186":{"start":{"line":698,"column":2},"end":{"line":704,"column":3}},"187":{"start":{"line":703,"column":3},"end":{"line":703,"column":62}},"188":{"start":{"line":705,"column":2},"end":{"line":707,"column":3}},"189":{"start":{"line":706,"column":3},"end":{"line":706,"column":48}},"190":{"start":{"line":731,"column":0},"end":{"line":744,"column":2}},"191":{"start":{"line":732,"column":1},"end":{"line":743,"column":15}},"192":{"start":{"line":737,"column":2},"end":{"line":739,"column":3}},"193":{"start":{"line":738,"column":3},"end":{"line":738,"column":72}},"194":{"start":{"line":740,"column":2},"end":{"line":742,"column":3}},"195":{"start":{"line":741,"column":3},"end":{"line":741,"column":57}},"196":{"start":{"line":763,"column":0},"end":{"line":773,"column":2}},"197":{"start":{"line":764,"column":1},"end":{"line":772,"column":15}},"198":{"start":{"line":769,"column":2},"end":{"line":771,"column":3}},"199":{"start":{"line":770,"column":3},"end":{"line":770,"column":102}},"200":{"start":{"line":792,"column":0},"end":{"line":814,"column":2}},"201":{"start":{"line":793,"column":1},"end":{"line":813,"column":15}},"202":{"start":{"line":798,"column":2},"end":{"line":809,"column":3}},"203":{"start":{"line":803,"column":3},"end":{"line":803,"column":57}},"204":{"start":{"line":804,"column":3},"end":{"line":808,"column":4}},"205":{"start":{"line":805,"column":4},"end":{"line":805,"column":21}},"206":{"start":{"line":806,"column":10},"end":{"line":808,"column":4}},"207":{"start":{"line":807,"column":4},"end":{"line":807,"column":32}},"208":{"start":{"line":810,"column":2},"end":{"line":812,"column":3}},"209":{"start":{"line":811,"column":3},"end":{"line":811,"column":46}},"210":{"start":{"line":821,"column":0},"end":{"line":835,"column":2}},"211":{"start":{"line":822,"column":1},"end":{"line":834,"column":15}},"212":{"start":{"line":825,"column":30},"end":{"line":825,"column":68}},"213":{"start":{"line":829,"column":2},"end":{"line":831,"column":3}},"214":{"start":{"line":830,"column":3},"end":{"line":830,"column":119}},"215":{"start":{"line":833,"column":2},"end":{"line":833,"column":27}},"216":{"start":{"line":841,"column":0},"end":{"line":853,"column":2}},"217":{"start":{"line":842,"column":1},"end":{"line":852,"column":4}},"218":{"start":{"line":848,"column":2},"end":{"line":850,"column":3}},"219":{"start":{"line":849,"column":3},"end":{"line":849,"column":51}},"220":{"start":{"line":851,"column":2},"end":{"line":851,"column":37}},"221":{"start":{"line":867,"column":0},"end":{"line":885,"column":1}},"222":{"start":{"line":868,"column":1},"end":{"line":871,"column":2}},"223":{"start":{"line":869,"column":2},"end":{"line":869,"column":18}},"224":{"start":{"line":870,"column":2},"end":{"line":870,"column":15}},"225":{"start":{"line":872,"column":12},"end":{"line":876,"column":24}},"226":{"start":{"line":877,"column":1},"end":{"line":884,"column":4}},"227":{"start":{"line":881,"column":2},"end":{"line":883,"column":3}},"228":{"start":{"line":882,"column":3},"end":{"line":882,"column":39}},"229":{"start":{"line":892,"column":0},"end":{"line":907,"column":2}},"230":{"start":{"line":893,"column":17},"end":{"line":893,"column":92}},"231":{"start":{"line":894,"column":13},"end":{"line":894,"column":35}},"232":{"start":{"line":895,"column":1},"end":{"line":895,"column":65}},"233":{"start":{"line":896,"column":1},"end":{"line":896,"column":65}},"234":{"start":{"line":897,"column":1},"end":{"line":897,"column":65}},"235":{"start":{"line":898,"column":1},"end":{"line":898,"column":66}},"236":{"start":{"line":899,"column":20},"end":{"line":899,"column":45}},"237":{"start":{"line":900,"column":1},"end":{"line":900,"column":115}},"238":{"start":{"line":901,"column":18},"end":{"line":901,"column":47}},"239":{"start":{"line":902,"column":1},"end":{"line":906,"column":3}},"240":{"start":{"line":915,"column":0},"end":{"line":935,"column":2}},"241":{"start":{"line":916,"column":14},"end":{"line":917,"column":14}},"242":{"start":{"line":919,"column":1},"end":{"line":929,"column":2}},"243":{"start":{"line":920,"column":12},"end":{"line":920,"column":34}},"244":{"start":{"line":921,"column":2},"end":{"line":928,"column":17}},"245":{"start":{"line":930,"column":1},"end":{"line":933,"column":2}},"246":{"start":{"line":931,"column":2},"end":{"line":932,"column":113}},"247":{"start":{"line":934,"column":1},"end":{"line":934,"column":15}},"248":{"start":{"line":942,"column":0},"end":{"line":945,"column":2}},"249":{"start":{"line":943,"column":1},"end":{"line":944,"column":18}},"250":{"start":{"line":953,"column":0},"end":{"line":964,"column":2}},"251":{"start":{"line":954,"column":23},"end":{"line":954,"column":41}},"252":{"start":{"line":957,"column":1},"end":{"line":962,"column":2}},"253":{"start":{"line":958,"column":2},"end":{"line":958,"column":41}},"254":{"start":{"line":959,"column":2},"end":{"line":959,"column":55}},"255":{"start":{"line":960,"column":2},"end":{"line":960,"column":33}},"256":{"start":{"line":961,"column":2},"end":{"line":961,"column":49}},"257":{"start":{"line":963,"column":1},"end":{"line":963,"column":22}},"258":{"start":{"line":966,"column":0},"end":{"line":968,"column":2}},"259":{"start":{"line":971,"column":0},"end":{"line":971,"column":26}},"260":{"start":{"line":972,"column":0},"end":{"line":972,"column":25}},"261":{"start":{"line":973,"column":0},"end":{"line":973,"column":24}},"262":{"start":{"line":974,"column":0},"end":{"line":974,"column":22}},"263":{"start":{"line":975,"column":0},"end":{"line":975,"column":26}},"264":{"start":{"line":976,"column":0},"end":{"line":976,"column":28}},"265":{"start":{"line":977,"column":0},"end":{"line":977,"column":25}}},"fnMap":{"0":{"name":"(anonymous_0)","decl":{"start":{"line":15,"column":13},"end":{"line":15,"column":14}},"loc":{"start":{"line":15,"column":24},"end":{"line":15,"column":26}},"line":15},"1":{"name":"(anonymous_1)","decl":{"start":{"line":71,"column":10},"end":{"line":71,"column":11}},"loc":{"start":{"line":71,"column":38},"end":{"line":105,"column":1}},"line":71},"2":{"name":"(anonymous_2)","decl":{"start":{"line":91,"column":24},"end":{"line":91,"column":25}},"loc":{"start":{"line":91,"column":39},"end":{"line":98,"column":2}},"line":91},"3":{"name":"(anonymous_3)","decl":{"start":{"line":94,"column":16},"end":{"line":94,"column":17}},"loc":{"start":{"line":94,"column":27},"end":{"line":96,"column":4}},"line":94},"4":{"name":"(anonymous_4)","decl":{"start":{"line":101,"column":15},"end":{"line":101,"column":16}},"loc":{"start":{"line":101,"column":26},"end":{"line":103,"column":3}},"line":101},"5":{"name":"(anonymous_5)","decl":{"start":{"line":114,"column":24},"end":{"line":114,"column":25}},"loc":{"start":{"line":114,"column":43},"end":{"line":171,"column":1}},"line":114},"6":{"name":"(anonymous_6)","decl":{"start":{"line":120,"column":27},"end":{"line":120,"column":28}},"loc":{"start":{"line":120,"column":52},"end":{"line":170,"column":2}},"line":120},"7":{"name":"(anonymous_7)","decl":{"start":{"line":124,"column":23},"end":{"line":124,"column":24}},"loc":{"start":{"line":124,"column":48},"end":{"line":169,"column":3}},"line":124},"8":{"name":"(anonymous_8)","decl":{"start":{"line":139,"column":30},"end":{"line":139,"column":31}},"loc":{"start":{"line":139,"column":44},"end":{"line":161,"column":6}},"line":139},"9":{"name":"(anonymous_9)","decl":{"start":{"line":140,"column":21},"end":{"line":140,"column":22}},"loc":{"start":{"line":140,"column":35},"end":{"line":160,"column":7}},"line":140},"10":{"name":"(anonymous_10)","decl":{"start":{"line":190,"column":25},"end":{"line":190,"column":26}},"loc":{"start":{"line":190,"column":53},"end":{"line":267,"column":1}},"line":190},"11":{"name":"(anonymous_11)","decl":{"start":{"line":212,"column":36},"end":{"line":212,"column":37}},"loc":{"start":{"line":212,"column":50},"end":{"line":232,"column":2}},"line":212},"12":{"name":"(anonymous_12)","decl":{"start":{"line":214,"column":17},"end":{"line":214,"column":18}},"loc":{"start":{"line":214,"column":33},"end":{"line":217,"column":3}},"line":214},"13":{"name":"(anonymous_13)","decl":{"start":{"line":218,"column":16},"end":{"line":218,"column":17}},"loc":{"start":{"line":218,"column":27},"end":{"line":231,"column":3}},"line":218},"14":{"name":"(anonymous_14)","decl":{"start":{"line":234,"column":30},"end":{"line":234,"column":31}},"loc":{"start":{"line":234,"column":41},"end":{"line":242,"column":2}},"line":234},"15":{"name":"(anonymous_15)","decl":{"start":{"line":244,"column":17},"end":{"line":244,"column":18}},"loc":{"start":{"line":244,"column":31},"end":{"line":258,"column":2}},"line":244},"16":{"name":"(anonymous_16)","decl":{"start":{"line":280,"column":37},"end":{"line":280,"column":38}},"loc":{"start":{"line":280,"column":56},"end":{"line":337,"column":1}},"line":280},"17":{"name":"(anonymous_17)","decl":{"start":{"line":296,"column":4},"end":{"line":296,"column":5}},"loc":{"start":{"line":296,"column":29},"end":{"line":336,"column":2}},"line":296},"18":{"name":"(anonymous_18)","decl":{"start":{"line":319,"column":7},"end":{"line":319,"column":8}},"loc":{"start":{"line":319,"column":32},"end":{"line":331,"column":5}},"line":319},"19":{"name":"(anonymous_19)","decl":{"start":{"line":362,"column":37},"end":{"line":362,"column":38}},"loc":{"start":{"line":362,"column":65},"end":{"line":406,"column":1}},"line":362},"20":{"name":"(anonymous_20)","decl":{"start":{"line":397,"column":4},"end":{"line":397,"column":5}},"loc":{"start":{"line":397,"column":29},"end":{"line":405,"column":2}},"line":397},"21":{"name":"(anonymous_21)","decl":{"start":{"line":483,"column":32},"end":{"line":483,"column":33}},"loc":{"start":{"line":483,"column":51},"end":{"line":536,"column":1}},"line":483},"22":{"name":"(anonymous_22)","decl":{"start":{"line":490,"column":4},"end":{"line":490,"column":5}},"loc":{"start":{"line":490,"column":29},"end":{"line":535,"column":2}},"line":490},"23":{"name":"(anonymous_23)","decl":{"start":{"line":511,"column":59},"end":{"line":511,"column":60}},"loc":{"start":{"line":511,"column":74},"end":{"line":515,"column":4}},"line":511},"24":{"name":"(anonymous_24)","decl":{"start":{"line":518,"column":53},"end":{"line":518,"column":54}},"loc":{"start":{"line":518,"column":67},"end":{"line":523,"column":5}},"line":518},"25":{"name":"(anonymous_25)","decl":{"start":{"line":542,"column":39},"end":{"line":542,"column":40}},"loc":{"start":{"line":542,"column":58},"end":{"line":563,"column":1}},"line":542},"26":{"name":"(anonymous_26)","decl":{"start":{"line":547,"column":4},"end":{"line":547,"column":5}},"loc":{"start":{"line":547,"column":29},"end":{"line":562,"column":2}},"line":547},"27":{"name":"(anonymous_27)","decl":{"start":{"line":579,"column":33},"end":{"line":579,"column":34}},"loc":{"start":{"line":579,"column":44},"end":{"line":671,"column":1}},"line":579},"28":{"name":"(anonymous_28)","decl":{"start":{"line":600,"column":27},"end":{"line":600,"column":28}},"loc":{"start":{"line":600,"column":54},"end":{"line":660,"column":2}},"line":600},"29":{"name":"(anonymous_29)","decl":{"start":{"line":603,"column":48},"end":{"line":603,"column":49}},"loc":{"start":{"line":603,"column":66},"end":{"line":607,"column":4}},"line":603},"30":{"name":"(anonymous_30)","decl":{"start":{"line":692,"column":28},"end":{"line":692,"column":29}},"loc":{"start":{"line":692,"column":47},"end":{"line":709,"column":1}},"line":692},"31":{"name":"(anonymous_31)","decl":{"start":{"line":697,"column":4},"end":{"line":697,"column":5}},"loc":{"start":{"line":697,"column":29},"end":{"line":708,"column":2}},"line":697},"32":{"name":"(anonymous_32)","decl":{"start":{"line":731,"column":37},"end":{"line":731,"column":38}},"loc":{"start":{"line":731,"column":56},"end":{"line":744,"column":1}},"line":731},"33":{"name":"(anonymous_33)","decl":{"start":{"line":736,"column":4},"end":{"line":736,"column":5}},"loc":{"start":{"line":736,"column":29},"end":{"line":743,"column":2}},"line":736},"34":{"name":"(anonymous_34)","decl":{"start":{"line":763,"column":28},"end":{"line":763,"column":29}},"loc":{"start":{"line":763,"column":47},"end":{"line":773,"column":1}},"line":763},"35":{"name":"(anonymous_35)","decl":{"start":{"line":768,"column":4},"end":{"line":768,"column":5}},"loc":{"start":{"line":768,"column":29},"end":{"line":772,"column":2}},"line":768},"36":{"name":"(anonymous_36)","decl":{"start":{"line":792,"column":26},"end":{"line":792,"column":27}},"loc":{"start":{"line":792,"column":45},"end":{"line":814,"column":1}},"line":792},"37":{"name":"(anonymous_37)","decl":{"start":{"line":797,"column":4},"end":{"line":797,"column":5}},"loc":{"start":{"line":797,"column":29},"end":{"line":813,"column":2}},"line":797},"38":{"name":"(anonymous_38)","decl":{"start":{"line":821,"column":26},"end":{"line":821,"column":27}},"loc":{"start":{"line":821,"column":53},"end":{"line":835,"column":1}},"line":821},"39":{"name":"(anonymous_39)","decl":{"start":{"line":825,"column":14},"end":{"line":825,"column":15}},"loc":{"start":{"line":825,"column":28},"end":{"line":825,"column":70}},"line":825},"40":{"name":"(anonymous_40)","decl":{"start":{"line":828,"column":4},"end":{"line":828,"column":5}},"loc":{"start":{"line":828,"column":29},"end":{"line":834,"column":2}},"line":828},"41":{"name":"(anonymous_41)","decl":{"start":{"line":841,"column":29},"end":{"line":841,"column":30}},"loc":{"start":{"line":841,"column":48},"end":{"line":853,"column":1}},"line":841},"42":{"name":"(anonymous_42)","decl":{"start":{"line":847,"column":4},"end":{"line":847,"column":5}},"loc":{"start":{"line":847,"column":28},"end":{"line":852,"column":2}},"line":847},"43":{"name":"(anonymous_43)","decl":{"start":{"line":867,"column":40},"end":{"line":867,"column":41}},"loc":{"start":{"line":867,"column":64},"end":{"line":885,"column":1}},"line":867},"44":{"name":"(anonymous_44)","decl":{"start":{"line":880,"column":4},"end":{"line":880,"column":5}},"loc":{"start":{"line":880,"column":28},"end":{"line":884,"column":2}},"line":880},"45":{"name":"(anonymous_45)","decl":{"start":{"line":892,"column":32},"end":{"line":892,"column":33}},"loc":{"start":{"line":892,"column":43},"end":{"line":907,"column":1}},"line":892},"46":{"name":"(anonymous_46)","decl":{"start":{"line":915,"column":32},"end":{"line":915,"column":33}},"loc":{"start":{"line":915,"column":53},"end":{"line":935,"column":1}},"line":915},"47":{"name":"(anonymous_47)","decl":{"start":{"line":942,"column":32},"end":{"line":942,"column":33}},"loc":{"start":{"line":942,"column":43},"end":{"line":945,"column":1}},"line":942},"48":{"name":"(anonymous_48)","decl":{"start":{"line":953,"column":26},"end":{"line":953,"column":27}},"loc":{"start":{"line":953,"column":44},"end":{"line":964,"column":1}},"line":953}},"branchMap":{"0":{"loc":{"start":{"line":73,"column":12},"end":{"line":73,"column":31}},"type":"binary-expr","locations":[{"start":{"line":73,"column":12},"end":{"line":73,"column":20}},{"start":{"line":73,"column":24},"end":{"line":73,"column":31}}],"line":73},"1":{"loc":{"start":{"line":77,"column":13},"end":{"line":77,"column":31}},"type":"binary-expr","locations":[{"start":{"line":77,"column":13},"end":{"line":77,"column":25}},{"start":{"line":77,"column":29},"end":{"line":77,"column":31}}],"line":77},"2":{"loc":{"start":{"line":78,"column":13},"end":{"line":78,"column":52}},"type":"binary-expr","locations":[{"start":{"line":78,"column":13},"end":{"line":78,"column":25}},{"start":{"line":78,"column":29},"end":{"line":78,"column":52}}],"line":78},"3":{"loc":{"start":{"line":79,"column":16},"end":{"line":79,"column":41}},"type":"binary-expr","locations":[{"start":{"line":79,"column":16},"end":{"line":79,"column":31}},{"start":{"line":79,"column":35},"end":{"line":79,"column":41}}],"line":79},"4":{"loc":{"start":{"line":80,"column":14},"end":{"line":80,"column":36}},"type":"binary-expr","locations":[{"start":{"line":80,"column":14},"end":{"line":80,"column":27}},{"start":{"line":80,"column":31},"end":{"line":80,"column":36}}],"line":80},"5":{"loc":{"start":{"line":85,"column":24},"end":{"line":85,"column":56}},"type":"binary-expr","locations":[{"start":{"line":85,"column":24},"end":{"line":85,"column":47}},{"start":{"line":85,"column":51},"end":{"line":85,"column":56}}],"line":85},"6":{"loc":{"start":{"line":93,"column":2},"end":{"line":97,"column":3}},"type":"if","locations":[{"start":{"line":93,"column":2},"end":{"line":97,"column":3}},{"start":{"line":93,"column":2},"end":{"line":97,"column":3}}],"line":93},"7":{"loc":{"start":{"line":93,"column":6},"end":{"line":93,"column":59}},"type":"binary-expr","locations":[{"start":{"line":93,"column":6},"end":{"line":93,"column":22}},{"start":{"line":93,"column":26},"end":{"line":93,"column":59}}],"line":93},"8":{"loc":{"start":{"line":100,"column":1},"end":{"line":104,"column":2}},"type":"if","locations":[{"start":{"line":100,"column":1},"end":{"line":104,"column":2}},{"start":{"line":100,"column":1},"end":{"line":104,"column":2}}],"line":100},"9":{"loc":{"start":{"line":121,"column":2},"end":{"line":123,"column":3}},"type":"if","locations":[{"start":{"line":121,"column":2},"end":{"line":123,"column":3}},{"start":{"line":121,"column":2},"end":{"line":123,"column":3}}],"line":121},"10":{"loc":{"start":{"line":125,"column":3},"end":{"line":168,"column":4}},"type":"if","locations":[{"start":{"line":125,"column":3},"end":{"line":168,"column":4}},{"start":{"line":125,"column":3},"end":{"line":168,"column":4}}],"line":125},"11":{"loc":{"start":{"line":131,"column":4},"end":{"line":134,"column":5}},"type":"if","locations":[{"start":{"line":131,"column":4},"end":{"line":134,"column":5}},{"start":{"line":131,"column":4},"end":{"line":134,"column":5}}],"line":131},"12":{"loc":{"start":{"line":131,"column":8},"end":{"line":131,"column":46}},"type":"binary-expr","locations":[{"start":{"line":131,"column":8},"end":{"line":131,"column":12}},{"start":{"line":131,"column":16},"end":{"line":131,"column":26}},{"start":{"line":131,"column":30},"end":{"line":131,"column":46}}],"line":131},"13":{"loc":{"start":{"line":138,"column":4},"end":{"line":167,"column":5}},"type":"if","locations":[{"start":{"line":138,"column":4},"end":{"line":167,"column":5}},{"start":{"line":138,"column":4},"end":{"line":167,"column":5}}],"line":138},"14":{"loc":{"start":{"line":141,"column":7},"end":{"line":159,"column":8}},"type":"if","locations":[{"start":{"line":141,"column":7},"end":{"line":159,"column":8}},{"start":{"line":141,"column":7},"end":{"line":159,"column":8}}],"line":141},"15":{"loc":{"start":{"line":142,"column":8},"end":{"line":146,"column":9}},"type":"if","locations":[{"start":{"line":142,"column":8},"end":{"line":146,"column":9}},{"start":{"line":142,"column":8},"end":{"line":146,"column":9}}],"line":142},"16":{"loc":{"start":{"line":142,"column":12},"end":{"line":142,"column":32}},"type":"binary-expr","locations":[{"start":{"line":142,"column":12},"end":{"line":142,"column":20}},{"start":{"line":142,"column":24},"end":{"line":142,"column":32}}],"line":142},"17":{"loc":{"start":{"line":148,"column":8},"end":{"line":158,"column":9}},"type":"if","locations":[{"start":{"line":148,"column":8},"end":{"line":158,"column":9}},{"start":{"line":148,"column":8},"end":{"line":158,"column":9}}],"line":148},"18":{"loc":{"start":{"line":155,"column":9},"end":{"line":157,"column":10}},"type":"if","locations":[{"start":{"line":155,"column":9},"end":{"line":157,"column":10}},{"start":{"line":155,"column":9},"end":{"line":157,"column":10}}],"line":155},"19":{"loc":{"start":{"line":164,"column":5},"end":{"line":166,"column":6}},"type":"if","locations":[{"start":{"line":164,"column":5},"end":{"line":166,"column":6}},{"start":{"line":164,"column":5},"end":{"line":166,"column":6}}],"line":164},"20":{"loc":{"start":{"line":191,"column":1},"end":{"line":193,"column":2}},"type":"if","locations":[{"start":{"line":191,"column":1},"end":{"line":193,"column":2}},{"start":{"line":191,"column":1},"end":{"line":193,"column":2}}],"line":191},"21":{"loc":{"start":{"line":196,"column":18},"end":{"line":204,"column":2}},"type":"binary-expr","locations":[{"start":{"line":196,"column":18},"end":{"line":196,"column":29}},{"start":{"line":196,"column":33},"end":{"line":204,"column":2}}],"line":196},"22":{"loc":{"start":{"line":200,"column":10},"end":{"line":202,"column":14}},"type":"cond-expr","locations":[{"start":{"line":201,"column":6},"end":{"line":201,"column":82}},{"start":{"line":202,"column":5},"end":{"line":202,"column":14}}],"line":200},"23":{"loc":{"start":{"line":201,"column":6},"end":{"line":201,"column":82}},"type":"cond-expr","locations":[{"start":{"line":201,"column":34},"end":{"line":201,"column":64}},{"start":{"line":201,"column":67},"end":{"line":201,"column":82}}],"line":201},"24":{"loc":{"start":{"line":219,"column":3},"end":{"line":221,"column":4}},"type":"if","locations":[{"start":{"line":219,"column":3},"end":{"line":221,"column":4}},{"start":{"line":219,"column":3},"end":{"line":221,"column":4}}],"line":219},"25":{"loc":{"start":{"line":235,"column":2},"end":{"line":239,"column":3}},"type":"if","locations":[{"start":{"line":235,"column":2},"end":{"line":239,"column":3}},{"start":{"line":235,"column":2},"end":{"line":239,"column":3}}],"line":235},"26":{"loc":{"start":{"line":245,"column":2},"end":{"line":247,"column":3}},"type":"if","locations":[{"start":{"line":245,"column":2},"end":{"line":247,"column":3}},{"start":{"line":245,"column":2},"end":{"line":247,"column":3}}],"line":245},"27":{"loc":{"start":{"line":250,"column":2},"end":{"line":257,"column":3}},"type":"if","locations":[{"start":{"line":250,"column":2},"end":{"line":257,"column":3}},{"start":{"line":250,"column":2},"end":{"line":257,"column":3}}],"line":250},"28":{"loc":{"start":{"line":250,"column":6},"end":{"line":250,"column":94}},"type":"binary-expr","locations":[{"start":{"line":250,"column":6},"end":{"line":250,"column":33}},{"start":{"line":250,"column":37},"end":{"line":250,"column":65}},{"start":{"line":250,"column":69},"end":{"line":250,"column":94}}],"line":250},"29":{"loc":{"start":{"line":253,"column":9},"end":{"line":257,"column":3}},"type":"if","locations":[{"start":{"line":253,"column":9},"end":{"line":257,"column":3}},{"start":{"line":253,"column":9},"end":{"line":257,"column":3}}],"line":253},"30":{"loc":{"start":{"line":253,"column":13},"end":{"line":253,"column":94}},"type":"binary-expr","locations":[{"start":{"line":253,"column":13},"end":{"line":253,"column":38}},{"start":{"line":253,"column":42},"end":{"line":253,"column":68}},{"start":{"line":253,"column":72},"end":{"line":253,"column":94}}],"line":253},"31":{"loc":{"start":{"line":297,"column":2},"end":{"line":311,"column":3}},"type":"if","locations":[{"start":{"line":297,"column":2},"end":{"line":311,"column":3}},{"start":{"line":297,"column":2},"end":{"line":311,"column":3}}],"line":297},"32":{"loc":{"start":{"line":300,"column":19},"end":{"line":300,"column":89}},"type":"binary-expr","locations":[{"start":{"line":300,"column":19},"end":{"line":300,"column":51}},{"start":{"line":300,"column":55},"end":{"line":300,"column":89}}],"line":300},"33":{"loc":{"start":{"line":304,"column":4},"end":{"line":306,"column":5}},"type":"if","locations":[{"start":{"line":304,"column":4},"end":{"line":306,"column":5}},{"start":{"line":304,"column":4},"end":{"line":306,"column":5}}],"line":304},"34":{"loc":{"start":{"line":312,"column":2},"end":{"line":335,"column":3}},"type":"if","locations":[{"start":{"line":312,"column":2},"end":{"line":335,"column":3}},{"start":{"line":312,"column":2},"end":{"line":335,"column":3}}],"line":312},"35":{"loc":{"start":{"line":313,"column":3},"end":{"line":334,"column":4}},"type":"if","locations":[{"start":{"line":313,"column":3},"end":{"line":334,"column":4}},{"start":{"line":313,"column":3},"end":{"line":334,"column":4}}],"line":313},"36":{"loc":{"start":{"line":313,"column":7},"end":{"line":313,"column":65}},"type":"binary-expr","locations":[{"start":{"line":313,"column":7},"end":{"line":313,"column":10}},{"start":{"line":313,"column":14},"end":{"line":313,"column":65}}],"line":313},"37":{"loc":{"start":{"line":324,"column":6},"end":{"line":326,"column":7}},"type":"if","locations":[{"start":{"line":324,"column":6},"end":{"line":326,"column":7}},{"start":{"line":324,"column":6},"end":{"line":326,"column":7}}],"line":324},"38":{"loc":{"start":{"line":363,"column":1},"end":{"line":365,"column":2}},"type":"if","locations":[{"start":{"line":363,"column":1},"end":{"line":365,"column":2}},{"start":{"line":363,"column":1},"end":{"line":365,"column":2}}],"line":363},"39":{"loc":{"start":{"line":375,"column":5},"end":{"line":380,"column":22}},"type":"cond-expr","locations":[{"start":{"line":376,"column":4},"end":{"line":380,"column":17}},{"start":{"line":380,"column":20},"end":{"line":380,"column":22}}],"line":375},"40":{"loc":{"start":{"line":382,"column":5},"end":{"line":394,"column":25}},"type":"cond-expr","locations":[{"start":{"line":383,"column":4},"end":{"line":394,"column":20}},{"start":{"line":394,"column":23},"end":{"line":394,"column":25}}],"line":382},"41":{"loc":{"start":{"line":382,"column":5},"end":{"line":382,"column":71}},"type":"binary-expr","locations":[{"start":{"line":382,"column":5},"end":{"line":382,"column":35}},{"start":{"line":382,"column":39},"end":{"line":382,"column":71}}],"line":382},"42":{"loc":{"start":{"line":398,"column":2},"end":{"line":402,"column":3}},"type":"if","locations":[{"start":{"line":398,"column":2},"end":{"line":402,"column":3}},{"start":{"line":398,"column":2},"end":{"line":402,"column":3}}],"line":398},"43":{"loc":{"start":{"line":398,"column":6},"end":{"line":398,"column":63}},"type":"binary-expr","locations":[{"start":{"line":398,"column":6},"end":{"line":398,"column":9}},{"start":{"line":398,"column":13},"end":{"line":398,"column":63}}],"line":398},"44":{"loc":{"start":{"line":399,"column":30},"end":{"line":401,"column":9}},"type":"cond-expr","locations":[{"start":{"line":400,"column":6},"end":{"line":400,"column":56}},{"start":{"line":401,"column":6},"end":{"line":401,"column":9}}],"line":399},"45":{"loc":{"start":{"line":491,"column":2},"end":{"line":531,"column":3}},"type":"if","locations":[{"start":{"line":491,"column":2},"end":{"line":531,"column":3}},{"start":{"line":491,"column":2},"end":{"line":531,"column":3}}],"line":491},"46":{"loc":{"start":{"line":499,"column":3},"end":{"line":510,"column":4}},"type":"if","locations":[{"start":{"line":499,"column":3},"end":{"line":510,"column":4}},{"start":{"line":499,"column":3},"end":{"line":510,"column":4}}],"line":499},"47":{"loc":{"start":{"line":512,"column":4},"end":{"line":514,"column":5}},"type":"if","locations":[{"start":{"line":512,"column":4},"end":{"line":514,"column":5}},{"start":{"line":512,"column":4},"end":{"line":514,"column":5}}],"line":512},"48":{"loc":{"start":{"line":512,"column":8},"end":{"line":512,"column":64}},"type":"binary-expr","locations":[{"start":{"line":512,"column":8},"end":{"line":512,"column":31}},{"start":{"line":512,"column":35},"end":{"line":512,"column":64}}],"line":512},"49":{"loc":{"start":{"line":517,"column":3},"end":{"line":524,"column":4}},"type":"if","locations":[{"start":{"line":517,"column":3},"end":{"line":524,"column":4}},{"start":{"line":517,"column":3},"end":{"line":524,"column":4}}],"line":517},"50":{"loc":{"start":{"line":520,"column":5},"end":{"line":522,"column":6}},"type":"if","locations":[{"start":{"line":520,"column":5},"end":{"line":522,"column":6}},{"start":{"line":520,"column":5},"end":{"line":522,"column":6}}],"line":520},"51":{"loc":{"start":{"line":526,"column":3},"end":{"line":530,"column":4}},"type":"if","locations":[{"start":{"line":526,"column":3},"end":{"line":530,"column":4}},{"start":{"line":526,"column":3},"end":{"line":530,"column":4}}],"line":526},"52":{"loc":{"start":{"line":526,"column":7},"end":{"line":526,"column":53}},"type":"binary-expr","locations":[{"start":{"line":526,"column":8},"end":{"line":526,"column":26}},{"start":{"line":526,"column":31},"end":{"line":526,"column":53}}],"line":526},"53":{"loc":{"start":{"line":532,"column":2},"end":{"line":534,"column":3}},"type":"if","locations":[{"start":{"line":532,"column":2},"end":{"line":534,"column":3}},{"start":{"line":532,"column":2},"end":{"line":534,"column":3}}],"line":532},"54":{"loc":{"start":{"line":548,"column":2},"end":{"line":558,"column":3}},"type":"if","locations":[{"start":{"line":548,"column":2},"end":{"line":558,"column":3}},{"start":{"line":548,"column":2},"end":{"line":558,"column":3}}],"line":548},"55":{"loc":{"start":{"line":555,"column":3},"end":{"line":557,"column":4}},"type":"if","locations":[{"start":{"line":555,"column":3},"end":{"line":557,"column":4}},{"start":{"line":555,"column":3},"end":{"line":557,"column":4}}],"line":555},"56":{"loc":{"start":{"line":559,"column":2},"end":{"line":561,"column":3}},"type":"if","locations":[{"start":{"line":559,"column":2},"end":{"line":561,"column":3}},{"start":{"line":559,"column":2},"end":{"line":561,"column":3}}],"line":559},"57":{"loc":{"start":{"line":581,"column":1},"end":{"line":583,"column":2}},"type":"if","locations":[{"start":{"line":581,"column":1},"end":{"line":583,"column":2}},{"start":{"line":581,"column":1},"end":{"line":583,"column":2}}],"line":581},"58":{"loc":{"start":{"line":604,"column":11},"end":{"line":606,"column":52}},"type":"binary-expr","locations":[{"start":{"line":604,"column":12},"end":{"line":606,"column":12}},{"start":{"line":606,"column":18},"end":{"line":606,"column":51}}],"line":604},"59":{"loc":{"start":{"line":604,"column":12},"end":{"line":606,"column":12}},"type":"cond-expr","locations":[{"start":{"line":605,"column":7},"end":{"line":605,"column":69}},{"start":{"line":606,"column":7},"end":{"line":606,"column":12}}],"line":604},"60":{"loc":{"start":{"line":608,"column":2},"end":{"line":614,"column":3}},"type":"if","locations":[{"start":{"line":608,"column":2},"end":{"line":614,"column":3}},{"start":{"line":608,"column":2},"end":{"line":614,"column":3}}],"line":608},"61":{"loc":{"start":{"line":609,"column":3},"end":{"line":613,"column":4}},"type":"if","locations":[{"start":{"line":609,"column":3},"end":{"line":613,"column":4}},{"start":{"line":609,"column":3},"end":{"line":613,"column":4}}],"line":609},"62":{"loc":{"start":{"line":616,"column":2},"end":{"line":623,"column":3}},"type":"if","locations":[{"start":{"line":616,"column":2},"end":{"line":623,"column":3}},{"start":{"line":616,"column":2},"end":{"line":623,"column":3}}],"line":616},"63":{"loc":{"start":{"line":631,"column":2},"end":{"line":638,"column":3}},"type":"if","locations":[{"start":{"line":631,"column":2},"end":{"line":638,"column":3}},{"start":{"line":631,"column":2},"end":{"line":638,"column":3}}],"line":631},"64":{"loc":{"start":{"line":634,"column":35},"end":{"line":634,"column":97}},"type":"cond-expr","locations":[{"start":{"line":634,"column":62},"end":{"line":634,"column":92}},{"start":{"line":634,"column":95},"end":{"line":634,"column":97}}],"line":634},"65":{"loc":{"start":{"line":635,"column":36},"end":{"line":635,"column":99}},"type":"cond-expr","locations":[{"start":{"line":635,"column":63},"end":{"line":635,"column":94}},{"start":{"line":635,"column":97},"end":{"line":635,"column":99}}],"line":635},"66":{"loc":{"start":{"line":636,"column":33},"end":{"line":636,"column":102}},"type":"cond-expr","locations":[{"start":{"line":636,"column":61},"end":{"line":636,"column":97}},{"start":{"line":636,"column":100},"end":{"line":636,"column":102}}],"line":636},"67":{"loc":{"start":{"line":637,"column":37},"end":{"line":637,"column":108}},"type":"cond-expr","locations":[{"start":{"line":637,"column":65},"end":{"line":637,"column":103}},{"start":{"line":637,"column":106},"end":{"line":637,"column":108}}],"line":637},"68":{"loc":{"start":{"line":640,"column":2},"end":{"line":647,"column":3}},"type":"if","locations":[{"start":{"line":640,"column":2},"end":{"line":647,"column":3}},{"start":{"line":640,"column":2},"end":{"line":647,"column":3}}],"line":640},"69":{"loc":{"start":{"line":649,"column":2},"end":{"line":659,"column":3}},"type":"if","locations":[{"start":{"line":649,"column":2},"end":{"line":659,"column":3}},{"start":{"line":649,"column":2},"end":{"line":659,"column":3}}],"line":649},"70":{"loc":{"start":{"line":663,"column":1},"end":{"line":670,"column":2}},"type":"if","locations":[{"start":{"line":663,"column":1},"end":{"line":670,"column":2}},{"start":{"line":663,"column":1},"end":{"line":670,"column":2}}],"line":663},"71":{"loc":{"start":{"line":698,"column":2},"end":{"line":704,"column":3}},"type":"if","locations":[{"start":{"line":698,"column":2},"end":{"line":704,"column":3}},{"start":{"line":698,"column":2},"end":{"line":704,"column":3}}],"line":698},"72":{"loc":{"start":{"line":705,"column":2},"end":{"line":707,"column":3}},"type":"if","locations":[{"start":{"line":705,"column":2},"end":{"line":707,"column":3}},{"start":{"line":705,"column":2},"end":{"line":707,"column":3}}],"line":705},"73":{"loc":{"start":{"line":737,"column":2},"end":{"line":739,"column":3}},"type":"if","locations":[{"start":{"line":737,"column":2},"end":{"line":739,"column":3}},{"start":{"line":737,"column":2},"end":{"line":739,"column":3}}],"line":737},"74":{"loc":{"start":{"line":740,"column":2},"end":{"line":742,"column":3}},"type":"if","locations":[{"start":{"line":740,"column":2},"end":{"line":742,"column":3}},{"start":{"line":740,"column":2},"end":{"line":742,"column":3}}],"line":740},"75":{"loc":{"start":{"line":769,"column":2},"end":{"line":771,"column":3}},"type":"if","locations":[{"start":{"line":769,"column":2},"end":{"line":771,"column":3}},{"start":{"line":769,"column":2},"end":{"line":771,"column":3}}],"line":769},"76":{"loc":{"start":{"line":770,"column":28},"end":{"line":770,"column":95}},"type":"cond-expr","locations":[{"start":{"line":770,"column":34},"end":{"line":770,"column":38}},{"start":{"line":770,"column":41},"end":{"line":770,"column":95}}],"line":770},"77":{"loc":{"start":{"line":798,"column":2},"end":{"line":809,"column":3}},"type":"if","locations":[{"start":{"line":798,"column":2},"end":{"line":809,"column":3}},{"start":{"line":798,"column":2},"end":{"line":809,"column":3}}],"line":798},"78":{"loc":{"start":{"line":804,"column":3},"end":{"line":808,"column":4}},"type":"if","locations":[{"start":{"line":804,"column":3},"end":{"line":808,"column":4}},{"start":{"line":804,"column":3},"end":{"line":808,"column":4}}],"line":804},"79":{"loc":{"start":{"line":806,"column":10},"end":{"line":808,"column":4}},"type":"if","locations":[{"start":{"line":806,"column":10},"end":{"line":808,"column":4}},{"start":{"line":806,"column":10},"end":{"line":808,"column":4}}],"line":806},"80":{"loc":{"start":{"line":810,"column":2},"end":{"line":812,"column":3}},"type":"if","locations":[{"start":{"line":810,"column":2},"end":{"line":812,"column":3}},{"start":{"line":810,"column":2},"end":{"line":812,"column":3}}],"line":810},"81":{"loc":{"start":{"line":829,"column":2},"end":{"line":831,"column":3}},"type":"if","locations":[{"start":{"line":829,"column":2},"end":{"line":831,"column":3}},{"start":{"line":829,"column":2},"end":{"line":831,"column":3}}],"line":829},"82":{"loc":{"start":{"line":829,"column":6},"end":{"line":829,"column":52}},"type":"binary-expr","locations":[{"start":{"line":829,"column":6},"end":{"line":829,"column":9}},{"start":{"line":829,"column":13},"end":{"line":829,"column":52}}],"line":829},"83":{"loc":{"start":{"line":830,"column":19},"end":{"line":830,"column":106}},"type":"cond-expr","locations":[{"start":{"line":830,"column":61},"end":{"line":830,"column":100}},{"start":{"line":830,"column":103},"end":{"line":830,"column":106}}],"line":830},"84":{"loc":{"start":{"line":848,"column":2},"end":{"line":850,"column":3}},"type":"if","locations":[{"start":{"line":848,"column":2},"end":{"line":850,"column":3}},{"start":{"line":848,"column":2},"end":{"line":850,"column":3}}],"line":848},"85":{"loc":{"start":{"line":868,"column":1},"end":{"line":871,"column":2}},"type":"if","locations":[{"start":{"line":868,"column":1},"end":{"line":871,"column":2}},{"start":{"line":868,"column":1},"end":{"line":871,"column":2}}],"line":868},"86":{"loc":{"start":{"line":874,"column":25},"end":{"line":874,"column":47}},"type":"cond-expr","locations":[{"start":{"line":874,"column":32},"end":{"line":874,"column":38}},{"start":{"line":874,"column":41},"end":{"line":874,"column":47}}],"line":874},"87":{"loc":{"start":{"line":881,"column":2},"end":{"line":883,"column":3}},"type":"if","locations":[{"start":{"line":881,"column":2},"end":{"line":883,"column":3}},{"start":{"line":881,"column":2},"end":{"line":883,"column":3}}],"line":881},"88":{"loc":{"start":{"line":893,"column":56},"end":{"line":893,"column":75}},"type":"binary-expr","locations":[{"start":{"line":893,"column":56},"end":{"line":893,"column":70}},{"start":{"line":893,"column":74},"end":{"line":893,"column":75}}],"line":893},"89":{"loc":{"start":{"line":919,"column":1},"end":{"line":929,"column":2}},"type":"if","locations":[{"start":{"line":919,"column":1},"end":{"line":929,"column":2}},{"start":{"line":919,"column":1},"end":{"line":929,"column":2}}],"line":919},"90":{"loc":{"start":{"line":919,"column":5},"end":{"line":919,"column":35}},"type":"binary-expr","locations":[{"start":{"line":919,"column":5},"end":{"line":919,"column":18}},{"start":{"line":919,"column":22},"end":{"line":919,"column":35}}],"line":919},"91":{"loc":{"start":{"line":930,"column":1},"end":{"line":933,"column":2}},"type":"if","locations":[{"start":{"line":930,"column":1},"end":{"line":933,"column":2}},{"start":{"line":930,"column":1},"end":{"line":933,"column":2}}],"line":930},"92":{"loc":{"start":{"line":930,"column":7},"end":{"line":930,"column":45}},"type":"binary-expr","locations":[{"start":{"line":930,"column":7},"end":{"line":930,"column":31}},{"start":{"line":930,"column":35},"end":{"line":930,"column":45}}],"line":930},"93":{"loc":{"start":{"line":957,"column":1},"end":{"line":962,"column":2}},"type":"if","locations":[{"start":{"line":957,"column":1},"end":{"line":962,"column":2}},{"start":{"line":957,"column":1},"end":{"line":962,"column":2}}],"line":957},"94":{"loc":{"start":{"line":957,"column":5},"end":{"line":957,"column":69}},"type":"binary-expr","locations":[{"start":{"line":957,"column":5},"end":{"line":957,"column":25}},{"start":{"line":957,"column":29},"end":{"line":957,"column":69}}],"line":957}},"s":{"0":1,"1":1,"2":1,"3":1,"4":1,"5":1,"6":1,"7":1,"8":1,"9":9,"10":9,"11":9,"12":9,"13":9,"14":9,"15":9,"16":9,"17":9,"18":9,"19":9,"20":9,"21":1,"22":1,"23":1,"24":9,"25":8,"26":8,"27":1,"28":1,"29":10,"30":10,"31":2,"32":8,"33":8,"34":1,"35":7,"36":7,"37":7,"38":7,"39":7,"40":7,"41":7,"42":7,"43":14,"44":14,"45":0,"46":0,"47":0,"48":0,"49":14,"50":7,"51":7,"52":7,"53":7,"54":0,"55":0,"56":0,"57":1,"58":637,"59":2,"60":635,"61":635,"62":635,"63":635,"64":634,"65":634,"66":630,"67":630,"68":630,"69":629,"70":629,"71":630,"72":630,"73":0,"74":630,"75":630,"76":630,"77":630,"78":634,"79":1,"80":0,"81":1,"82":1,"83":1,"84":634,"85":4,"86":1,"87":3,"88":3,"89":0,"90":3,"91":0,"92":3,"93":634,"94":634,"95":634,"96":1,"97":12,"98":12,"99":10,"100":10,"101":10,"102":10,"103":10,"104":10,"105":6,"106":10,"107":0,"108":12,"109":2,"110":0,"111":0,"112":0,"113":0,"114":0,"115":0,"116":0,"117":0,"118":2,"119":1,"120":3,"121":1,"122":2,"123":2,"124":1,"125":1,"126":1,"127":8,"128":8,"129":8,"130":8,"131":6,"132":8,"133":40,"134":40,"135":8,"136":8,"137":8,"138":8,"139":8,"140":0,"141":0,"142":0,"143":8,"144":8,"145":1,"146":1,"147":1,"148":1,"149":1,"150":1,"151":1,"152":1,"153":1,"154":1,"155":9,"156":7,"157":8,"158":8,"159":8,"160":8,"161":8,"162":8,"163":8,"164":0,"165":0,"166":0,"167":8,"168":8,"169":8,"170":8,"171":8,"172":8,"173":8,"174":8,"175":8,"176":8,"177":8,"178":8,"179":8,"180":8,"181":8,"182":8,"183":0,"184":1,"185":1,"186":1,"187":1,"188":1,"189":1,"190":1,"191":1,"192":1,"193":1,"194":1,"195":1,"196":1,"197":1,"198":1,"199":1,"200":1,"201":4,"202":4,"203":4,"204":4,"205":1,"206":3,"207":1,"208":4,"209":4,"210":1,"211":2,"212":2,"213":2,"214":1,"215":1,"216":1,"217":1,"218":1,"219":1,"220":1,"221":1,"222":2,"223":1,"224":1,"225":2,"226":2,"227":2,"228":2,"229":1,"230":617,"231":617,"232":617,"233":617,"234":617,"235":617,"236":617,"237":617,"238":617,"239":617,"240":1,"241":617,"242":617,"243":617,"244":617,"245":617,"246":137,"247":617,"248":1,"249":616,"250":1,"251":42,"252":42,"253":0,"254":0,"255":0,"256":0,"257":42,"258":1,"259":1,"260":1,"261":1,"262":1,"263":1,"264":1,"265":1},"f":{"0":1,"1":9,"2":1,"3":1,"4":8,"5":10,"6":10,"7":8,"8":14,"9":14,"10":637,"11":630,"12":629,"13":630,"14":1,"15":4,"16":12,"17":12,"18":0,"19":3,"20":2,"21":8,"22":8,"23":40,"24":8,"25":1,"26":1,"27":9,"28":8,"29":8,"30":1,"31":1,"32":1,"33":1,"34":1,"35":1,"36":4,"37":4,"38":2,"39":2,"40":2,"41":1,"42":1,"43":2,"44":2,"45":617,"46":617,"47":616,"48":42},"b":{"0":[9,1],"1":[9,3],"2":[9,9],"3":[9,9],"4":[9,9],"5":[9,9],"6":[1,0],"7":[1,1],"8":[8,1],"9":[2,8],"10":[1,7],"11":[7,0],"12":[7,7,7],"13":[7,0],"14":[0,14],"15":[0,0],"16":[0,0],"17":[7,7],"18":[7,0],"19":[0,0],"20":[2,635],"21":[635,155],"22":[117,38],"23":[117,0],"24":[0,630],"25":[0,1],"26":[1,3],"27":[0,3],"28":[3,2,0],"29":[0,3],"30":[3,0,0],"31":[10,2],"32":[10,0],"33":[6,4],"34":[2,10],"35":[0,2],"36":[2,0],"37":[0,0],"38":[1,2],"39":[2,0],"40":[2,0],"41":[2,2],"42":[1,1],"43":[2,2],"44":[1,0],"45":[8,0],"46":[6,2],"47":[40,0],"48":[40,40],"49":[8,0],"50":[8,0],"51":[0,8],"52":[8,0],"53":[8,0],"54":[1,0],"55":[1,0],"56":[1,0],"57":[7,1],"58":[8,8],"59":[8,0],"60":[0,8],"61":[0,0],"62":[8,0],"63":[8,0],"64":[8,0],"65":[8,0],"66":[8,0],"67":[8,0],"68":[8,0],"69":[8,0],"70":[0,8],"71":[1,0],"72":[1,0],"73":[1,0],"74":[1,0],"75":[1,0],"76":[0,1],"77":[4,0],"78":[1,3],"79":[1,2],"80":[4,0],"81":[1,1],"82":[2,2],"83":[1,0],"84":[1,0],"85":[1,1],"86":[1,1],"87":[2,0],"88":[617,0],"89":[617,0],"90":[617,617],"91":[137,480],"92":[617,480],"93":[0,42],"94":[42,0]},"_coverageSchema":"43e27e138ebf9cfc5966b082cf9a028302ed4184","hash":"849f7d285a80576a5f11e9ffe43f6db07de208eb","contentHash":"ecb8de987eeba74cdbfca60ce846b44287ff2a8b93a47f3fbaaa7b5ac793ae66"},"C:\\Users\\roger\\source\\onvif\\lib\\device.js":{"path":"C:\\Users\\roger\\source\\onvif\\lib\\device.js","statementMap":{"0":{"start":{"line":7,"column":0},"end":{"line":647,"column":2}},"1":{"start":{"line":8,"column":18},"end":{"line":8,"column":45}},"2":{"start":{"line":28,"column":1},"end":{"line":41,"column":3}},"3":{"start":{"line":29,"column":2},"end":{"line":40,"column":5}},"4":{"start":{"line":36,"column":3},"end":{"line":38,"column":4}},"5":{"start":{"line":37,"column":4},"end":{"line":37,"column":75}},"6":{"start":{"line":39,"column":3},"end":{"line":39,"column":56}},"7":{"start":{"line":54,"column":1},"end":{"line":70,"column":3}},"8":{"start":{"line":55,"column":2},"end":{"line":69,"column":26}},"9":{"start":{"line":197,"column":1},"end":{"line":211,"column":3}},"10":{"start":{"line":198,"column":2},"end":{"line":210,"column":16}},"11":{"start":{"line":204,"column":3},"end":{"line":206,"column":4}},"12":{"start":{"line":205,"column":4},"end":{"line":205,"column":73}},"13":{"start":{"line":207,"column":3},"end":{"line":209,"column":4}},"14":{"start":{"line":208,"column":4},"end":{"line":208,"column":58}},"15":{"start":{"line":227,"column":1},"end":{"line":297,"column":3}},"16":{"start":{"line":228,"column":11},"end":{"line":228,"column":35}},"17":{"start":{"line":229,"column":19},"end":{"line":229,"column":24}},"18":{"start":{"line":230,"column":19},"end":{"line":230,"column":24}},"19":{"start":{"line":231,"column":2},"end":{"line":243,"column":3}},"20":{"start":{"line":232,"column":3},"end":{"line":236,"column":4}},"21":{"start":{"line":233,"column":4},"end":{"line":233,"column":58}},"22":{"start":{"line":235,"column":4},"end":{"line":235,"column":22}},"23":{"start":{"line":237,"column":9},"end":{"line":243,"column":3}},"24":{"start":{"line":238,"column":3},"end":{"line":242,"column":4}},"25":{"start":{"line":239,"column":4},"end":{"line":239,"column":58}},"26":{"start":{"line":241,"column":4},"end":{"line":241,"column":23}},"27":{"start":{"line":244,"column":13},"end":{"line":283,"column":25}},"28":{"start":{"line":284,"column":2},"end":{"line":296,"column":16}},"29":{"start":{"line":288,"column":3},"end":{"line":295,"column":4}},"30":{"start":{"line":289,"column":4},"end":{"line":293,"column":5}},"31":{"start":{"line":290,"column":5},"end":{"line":290,"column":62}},"32":{"start":{"line":290,"column":22},"end":{"line":290,"column":61}},"33":{"start":{"line":291,"column":5},"end":{"line":291,"column":62}},"34":{"start":{"line":291,"column":22},"end":{"line":291,"column":61}},"35":{"start":{"line":292,"column":5},"end":{"line":292,"column":59}},"36":{"start":{"line":294,"column":4},"end":{"line":294,"column":40}},"37":{"start":{"line":316,"column":1},"end":{"line":330,"column":3}},"38":{"start":{"line":317,"column":2},"end":{"line":329,"column":16}},"39":{"start":{"line":323,"column":3},"end":{"line":328,"column":4}},"40":{"start":{"line":324,"column":4},"end":{"line":326,"column":5}},"41":{"start":{"line":325,"column":5},"end":{"line":325,"column":103}},"42":{"start":{"line":327,"column":4},"end":{"line":327,"column":62}},"43":{"start":{"line":337,"column":1},"end":{"line":354,"column":3}},"44":{"start":{"line":338,"column":2},"end":{"line":353,"column":16}},"45":{"start":{"line":347,"column":3},"end":{"line":352,"column":4}},"46":{"start":{"line":348,"column":4},"end":{"line":350,"column":5}},"47":{"start":{"line":349,"column":5},"end":{"line":349,"column":45}},"48":{"start":{"line":351,"column":4},"end":{"line":351,"column":55}},"49":{"start":{"line":382,"column":1},"end":{"line":398,"column":3}},"50":{"start":{"line":383,"column":2},"end":{"line":397,"column":16}},"51":{"start":{"line":389,"column":3},"end":{"line":396,"column":4}},"52":{"start":{"line":390,"column":4},"end":{"line":394,"column":5}},"53":{"start":{"line":391,"column":5},"end":{"line":391,"column":67}},"54":{"start":{"line":392,"column":5},"end":{"line":392,"column":111}},"55":{"start":{"line":392,"column":68},"end":{"line":392,"column":110}},"56":{"start":{"line":393,"column":5},"end":{"line":393,"column":119}},"57":{"start":{"line":393,"column":72},"end":{"line":393,"column":118}},"58":{"start":{"line":395,"column":4},"end":{"line":395,"column":44}},"59":{"start":{"line":405,"column":1},"end":{"line":432,"column":2}},"60":{"start":{"line":406,"column":13},"end":{"line":409,"column":93}},"61":{"start":{"line":410,"column":2},"end":{"line":418,"column":5}},"62":{"start":{"line":411,"column":3},"end":{"line":417,"column":19}},"63":{"start":{"line":419,"column":2},"end":{"line":420,"column":25}},"64":{"start":{"line":421,"column":2},"end":{"line":431,"column":16}},"65":{"start":{"line":425,"column":3},"end":{"line":430,"column":4}},"66":{"start":{"line":426,"column":4},"end":{"line":428,"column":5}},"67":{"start":{"line":427,"column":5},"end":{"line":427,"column":48}},"68":{"start":{"line":429,"column":4},"end":{"line":429,"column":26}},"69":{"start":{"line":454,"column":1},"end":{"line":468,"column":3}},"70":{"start":{"line":455,"column":2},"end":{"line":467,"column":16}},"71":{"start":{"line":461,"column":3},"end":{"line":463,"column":4}},"72":{"start":{"line":462,"column":4},"end":{"line":462,"column":71}},"73":{"start":{"line":464,"column":3},"end":{"line":466,"column":4}},"74":{"start":{"line":465,"column":4},"end":{"line":465,"column":57}},"75":{"start":{"line":489,"column":1},"end":{"line":508,"column":3}},"76":{"start":{"line":490,"column":2},"end":{"line":507,"column":16}},"77":{"start":{"line":496,"column":3},"end":{"line":506,"column":4}},"78":{"start":{"line":497,"column":4},"end":{"line":504,"column":5}},"79":{"start":{"line":498,"column":17},"end":{"line":498,"column":49}},"80":{"start":{"line":499,"column":5},"end":{"line":501,"column":8}},"81":{"start":{"line":500,"column":6},"end":{"line":500,"column":28}},"82":{"start":{"line":502,"column":5},"end":{"line":502,"column":24}},"83":{"start":{"line":503,"column":5},"end":{"line":503,"column":18}},"84":{"start":{"line":505,"column":4},"end":{"line":505,"column":40}},"85":{"start":{"line":515,"column":1},"end":{"line":551,"column":3}},"86":{"start":{"line":516,"column":18},"end":{"line":521,"column":4}},"87":{"start":{"line":517,"column":3},"end":{"line":519,"column":4}},"88":{"start":{"line":518,"column":4},"end":{"line":518,"column":17}},"89":{"start":{"line":520,"column":3},"end":{"line":520,"column":15}},"90":{"start":{"line":522,"column":2},"end":{"line":525,"column":3}},"91":{"start":{"line":523,"column":3},"end":{"line":523,"column":87}},"92":{"start":{"line":524,"column":3},"end":{"line":524,"column":10}},"93":{"start":{"line":526,"column":17},"end":{"line":526,"column":19}},"94":{"start":{"line":527,"column":2},"end":{"line":533,"column":5}},"95":{"start":{"line":528,"column":3},"end":{"line":532,"column":13}},"96":{"start":{"line":534,"column":13},"end":{"line":538,"column":25}},"97":{"start":{"line":539,"column":2},"end":{"line":550,"column":16}},"98":{"start":{"line":543,"column":3},"end":{"line":549,"column":4}},"99":{"start":{"line":544,"column":4},"end":{"line":548,"column":5}},"100":{"start":{"line":545,"column":5},"end":{"line":545,"column":41}},"101":{"start":{"line":547,"column":5},"end":{"line":547,"column":29}},"102":{"start":{"line":558,"column":1},"end":{"line":606,"column":3}},"103":{"start":{"line":559,"column":18},"end":{"line":564,"column":4}},"104":{"start":{"line":560,"column":3},"end":{"line":562,"column":4}},"105":{"start":{"line":561,"column":4},"end":{"line":561,"column":17}},"106":{"start":{"line":563,"column":3},"end":{"line":563,"column":15}},"107":{"start":{"line":565,"column":2},"end":{"line":568,"column":3}},"108":{"start":{"line":566,"column":3},"end":{"line":566,"column":87}},"109":{"start":{"line":567,"column":3},"end":{"line":567,"column":10}},"110":{"start":{"line":569,"column":17},"end":{"line":569,"column":19}},"111":{"start":{"line":570,"column":2},"end":{"line":576,"column":5}},"112":{"start":{"line":571,"column":3},"end":{"line":575,"column":13}},"113":{"start":{"line":577,"column":13},"end":{"line":581,"column":25}},"114":{"start":{"line":582,"column":2},"end":{"line":605,"column":16}},"115":{"start":{"line":586,"column":3},"end":{"line":604,"column":4}},"116":{"start":{"line":587,"column":4},"end":{"line":603,"column":5}},"117":{"start":{"line":588,"column":5},"end":{"line":588,"column":41}},"118":{"start":{"line":590,"column":20},"end":{"line":590,"column":25}},"119":{"start":{"line":591,"column":5},"end":{"line":597,"column":8}},"120":{"start":{"line":592,"column":6},"end":{"line":596,"column":7}},"121":{"start":{"line":593,"column":7},"end":{"line":593,"column":23}},"122":{"start":{"line":594,"column":7},"end":{"line":594,"column":36}},"123":{"start":{"line":595,"column":7},"end":{"line":595,"column":19}},"124":{"start":{"line":598,"column":5},"end":{"line":602,"column":6}},"125":{"start":{"line":599,"column":6},"end":{"line":599,"column":74}},"126":{"start":{"line":599,"column":30},"end":{"line":599,"column":54}},"127":{"start":{"line":601,"column":6},"end":{"line":601,"column":30}},"128":{"start":{"line":613,"column":1},"end":{"line":646,"column":3}},"129":{"start":{"line":614,"column":18},"end":{"line":614,"column":20}},"130":{"start":{"line":615,"column":2},"end":{"line":621,"column":5}},"131":{"start":{"line":616,"column":3},"end":{"line":620,"column":4}},"132":{"start":{"line":617,"column":4},"end":{"line":617,"column":25}},"133":{"start":{"line":618,"column":10},"end":{"line":620,"column":4}},"134":{"start":{"line":619,"column":4},"end":{"line":619,"column":34}},"135":{"start":{"line":622,"column":2},"end":{"line":624,"column":3}},"136":{"start":{"line":623,"column":3},"end":{"line":623,"column":65}},"137":{"start":{"line":625,"column":17},"end":{"line":625,"column":19}},"138":{"start":{"line":626,"column":2},"end":{"line":628,"column":5}},"139":{"start":{"line":627,"column":3},"end":{"line":627,"column":55}},"140":{"start":{"line":629,"column":13},"end":{"line":633,"column":25}},"141":{"start":{"line":634,"column":2},"end":{"line":645,"column":16}},"142":{"start":{"line":638,"column":3},"end":{"line":644,"column":4}},"143":{"start":{"line":639,"column":4},"end":{"line":643,"column":5}},"144":{"start":{"line":640,"column":5},"end":{"line":640,"column":41}},"145":{"start":{"line":642,"column":5},"end":{"line":642,"column":29}}},"fnMap":{"0":{"name":"(anonymous_0)","decl":{"start":{"line":7,"column":17},"end":{"line":7,"column":18}},"loc":{"start":{"line":7,"column":31},"end":{"line":647,"column":1}},"line":7},"1":{"name":"(anonymous_1)","decl":{"start":{"line":28,"column":24},"end":{"line":28,"column":25}},"loc":{"start":{"line":28,"column":43},"end":{"line":41,"column":2}},"line":28},"2":{"name":"(anonymous_2)","decl":{"start":{"line":35,"column":5},"end":{"line":35,"column":6}},"loc":{"start":{"line":35,"column":30},"end":{"line":40,"column":3}},"line":35},"3":{"name":"(anonymous_3)","decl":{"start":{"line":54,"column":24},"end":{"line":54,"column":25}},"loc":{"start":{"line":54,"column":52},"end":{"line":70,"column":2}},"line":54},"4":{"name":"(anonymous_4)","decl":{"start":{"line":197,"column":38},"end":{"line":197,"column":39}},"loc":{"start":{"line":197,"column":57},"end":{"line":211,"column":2}},"line":197},"5":{"name":"(anonymous_5)","decl":{"start":{"line":203,"column":5},"end":{"line":203,"column":6}},"loc":{"start":{"line":203,"column":30},"end":{"line":210,"column":3}},"line":203},"6":{"name":"(anonymous_6)","decl":{"start":{"line":227,"column":38},"end":{"line":227,"column":39}},"loc":{"start":{"line":227,"column":65},"end":{"line":297,"column":2}},"line":227},"7":{"name":"(anonymous_7)","decl":{"start":{"line":287,"column":5},"end":{"line":287,"column":6}},"loc":{"start":{"line":287,"column":30},"end":{"line":296,"column":3}},"line":287},"8":{"name":"(anonymous_8)","decl":{"start":{"line":316,"column":42},"end":{"line":316,"column":43}},"loc":{"start":{"line":316,"column":61},"end":{"line":330,"column":2}},"line":316},"9":{"name":"(anonymous_9)","decl":{"start":{"line":322,"column":5},"end":{"line":322,"column":6}},"loc":{"start":{"line":322,"column":30},"end":{"line":329,"column":3}},"line":322},"10":{"name":"(anonymous_10)","decl":{"start":{"line":337,"column":42},"end":{"line":337,"column":43}},"loc":{"start":{"line":337,"column":69},"end":{"line":354,"column":2}},"line":337},"11":{"name":"(anonymous_11)","decl":{"start":{"line":346,"column":5},"end":{"line":346,"column":6}},"loc":{"start":{"line":346,"column":30},"end":{"line":353,"column":3}},"line":346},"12":{"name":"(anonymous_12)","decl":{"start":{"line":382,"column":24},"end":{"line":382,"column":25}},"loc":{"start":{"line":382,"column":43},"end":{"line":398,"column":2}},"line":382},"13":{"name":"(anonymous_13)","decl":{"start":{"line":388,"column":5},"end":{"line":388,"column":6}},"loc":{"start":{"line":388,"column":30},"end":{"line":397,"column":3}},"line":388},"14":{"name":"(anonymous_14)","decl":{"start":{"line":405,"column":24},"end":{"line":405,"column":25}},"loc":{"start":{"line":405,"column":51},"end":{"line":432,"column":2}},"line":405},"15":{"name":"(anonymous_15)","decl":{"start":{"line":410,"column":28},"end":{"line":410,"column":29}},"loc":{"start":{"line":410,"column":42},"end":{"line":418,"column":3}},"line":410},"16":{"name":"(anonymous_16)","decl":{"start":{"line":424,"column":5},"end":{"line":424,"column":6}},"loc":{"start":{"line":424,"column":30},"end":{"line":431,"column":3}},"line":424},"17":{"name":"(anonymous_17)","decl":{"start":{"line":454,"column":37},"end":{"line":454,"column":38}},"loc":{"start":{"line":454,"column":56},"end":{"line":468,"column":2}},"line":454},"18":{"name":"(anonymous_18)","decl":{"start":{"line":460,"column":5},"end":{"line":460,"column":6}},"loc":{"start":{"line":460,"column":30},"end":{"line":467,"column":3}},"line":460},"19":{"name":"(anonymous_19)","decl":{"start":{"line":489,"column":26},"end":{"line":489,"column":27}},"loc":{"start":{"line":489,"column":45},"end":{"line":508,"column":2}},"line":489},"20":{"name":"(anonymous_20)","d
[...]
d":{"line":71,"column":20}},{"start":{"line":71,"column":24},"end":{"line":71,"column":53}}],"line":71},"5":{"loc":{"start":{"line":76,"column":6},"end":{"line":81,"column":13}},"type":"cond-expr","locations":[{"start":{"line":78,"column":8},"end":{"line":80,"column":23}},{"start":{"line":81,"column":11},"end":{"line":81,"column":13}}],"line":76},"6":{"loc":{"start":{"line":87,"column":6},"end":{"line":92,"column":13}},"type":"cond-expr","locations":[{"start":{"line":89,"column":8},"end":{"line":91,"column":28}},{"start":{"line":92,"column":11},"end":{"line":92,"column":13}}],"line":87},"7":{"loc":{"start":{"line":98,"column":6},"end":{"line":103,"column":13}},"type":"cond-expr","locations":[{"start":{"line":100,"column":8},"end":{"line":102,"column":21}},{"start":{"line":103,"column":11},"end":{"line":103,"column":13}}],"line":98},"8":{"loc":{"start":{"line":109,"column":6},"end":{"line":114,"column":13}},"type":"cond-expr","locations":[{"start":{"line":111,"column":8},"end":{"line":113,"column":22}},{"start":{"line":114,"column":11},"end":{"line":114,"column":13}}],"line":109},"9":{"loc":{"start":{"line":122,"column":3},"end":{"line":124,"column":4}},"type":"if","locations":[{"start":{"line":122,"column":3},"end":{"line":124,"column":4}},{"start":{"line":122,"column":3},"end":{"line":124,"column":4}}],"line":122},"10":{"loc":{"start":{"line":123,"column":29},"end":{"line":123,"column":83}},"type":"cond-expr","locations":[{"start":{"line":123,"column":35},"end":{"line":123,"column":39}},{"start":{"line":123,"column":42},"end":{"line":123,"column":83}}],"line":123},"11":{"loc":{"start":{"line":152,"column":3},"end":{"line":154,"column":4}},"type":"if","locations":[{"start":{"line":152,"column":3},"end":{"line":154,"column":4}},{"start":{"line":152,"column":3},"end":{"line":154,"column":4}}],"line":152},"12":{"loc":{"start":{"line":153,"column":29},"end":{"line":153,"column":111}},"type":"cond-expr","locations":[{"start":{"line":153,"column":35},"end":{"line":153,"column":39}},{"start":{"line":153,"column":42},"end":{"line":153,"column":111}}],"line":153},"13":{"loc":{"start":{"line":178,"column":2},"end":{"line":181,"column":3}},"type":"if","locations":[{"start":{"line":178,"column":2},"end":{"line":181,"column":3}},{"start":{"line":178,"column":2},"end":{"line":181,"column":3}}],"line":178},"14":{"loc":{"start":{"line":186,"column":29},"end":{"line":186,"column":75}},"type":"binary-expr","locations":[{"start":{"line":186,"column":29},"end":{"line":186,"column":42}},{"start":{"line":186,"column":46},"end":{"line":186,"column":75}}],"line":186},"15":{"loc":{"start":{"line":190,"column":3},"end":{"line":192,"column":4}},"type":"if","locations":[{"start":{"line":190,"column":3},"end":{"line":192,"column":4}},{"start":{"line":190,"column":3},"end":{"line":192,"column":4}}],"line":190},"16":{"loc":{"start":{"line":191,"column":29},"end":{"line":191,"column":88}},"type":"cond-expr","locations":[{"start":{"line":191,"column":35},"end":{"line":191,"column":39}},{"start":{"line":191,"column":42},"end":{"line":191,"column":88}}],"line":191},"17":{"loc":{"start":{"line":208,"column":29},"end":{"line":208,"column":75}},"type":"binary-expr","locations":[{"start":{"line":208,"column":29},"end":{"line":208,"column":42}},{"start":{"line":208,"column":46},"end":{"line":208,"column":75}}],"line":208},"18":{"loc":{"start":{"line":213,"column":3},"end":{"line":215,"column":4}},"type":"if","locations":[{"start":{"line":213,"column":3},"end":{"line":215,"column":4}},{"start":{"line":213,"column":3},"end":{"line":215,"column":4}}],"line":213},"19":{"loc":{"start":{"line":214,"column":29},"end":{"line":214,"column":81}},"type":"cond-expr","locations":[{"start":{"line":214,"column":35},"end":{"line":214,"column":39}},{"start":{"line":214,"column":42},"end":{"line":214,"column":81}}],"line":214}},"s":{"0":1,"1":1,"2":1,"3":2,"4":1,"5":1,"6":2,"7":2,"8":2,"9":1,"10":1,"11":1,"12":1,"13":1,"14":1,"15":1,"16":1,"17":1,"18":2,"19":1,"20":1,"21":2,"22":2,"23":2,"24":1,"25":1,"26":1,"27":1},"f":{"0":1,"1":2,"2":2,"3":1,"4":1,"5":1,"6":1,"7":2,"8":2,"9":1,"10":1},"b":{"0":[1,1],"1":[2,2],"2":[2,0],"3":[0,2],"4":[1,1],"5":[1,0],"6":[1,0],"7":[1,0],"8":[1,0],"9":[1,0],"10":[0,1],"11":[1,0],"12":[0,1],"13":[1,1],"14":[2,2],"15":[2,0],"16":[0,2],"17":[1,1],"18":[1,0],"19":[0,1]},"_coverageSchema":"43e27e138ebf9cfc5966b082cf9a028302ed4184","hash":"e251e29f292e2ea5339d8c8fd1ff893bee8eb27f","contentHash":"32b76a190a0cc5d054bbe5fbb2382a80facb20c4330d2ff0fed1a11b22730a6f"},"C:\\Users\\roger\\source\\onvif\\lib\\recording.js":{"path":"C:\\Users\\roger\\source\\onvif\\lib\\recording.js","statementMap":{"0":{"start":{"line":7,"column":0},"end":{"line":53,"column":2}},"1":{"start":{"line":9,"column":18},"end":{"line":9,"column":45}},"2":{"start":{"line":33,"column":1},"end":{"line":52,"column":3}},"3":{"start":{"line":34,"column":2},"end":{"line":51,"column":16}},"4":{"start":{"line":40,"column":3},"end":{"line":47,"column":4}},"5":{"start":{"line":46,"column":4},"end":{"line":46,"column":77}},"6":{"start":{"line":48,"column":3},"end":{"line":50,"column":4}},"7":{"start":{"line":49,"column":4},"end":{"line":49,"column":55}}},"fnMap":{"0":{"name":"(anonymous_0)","decl":{"start":{"line":7,"column":17},"end":{"line":7,"column":18}},"loc":{"start":{"line":7,"column":31},"end":{"line":53,"column":1}},"line":7},"1":{"name":"(anonymous_1)","decl":{"start":{"line":33,"column":31},"end":{"line":33,"column":32}},"loc":{"start":{"line":33,"column":50},"end":{"line":52,"column":2}},"line":33},"2":{"name":"(anonymous_2)","decl":{"start":{"line":39,"column":5},"end":{"line":39,"column":6}},"loc":{"start":{"line":39,"column":30},"end":{"line":51,"column":3}},"line":39}},"branchMap":{"0":{"loc":{"start":{"line":40,"column":3},"end":{"line":47,"column":4}},"type":"if","locations":[{"start":{"line":40,"column":3},"end":{"line":47,"column":4}},{"start":{"line":40,"column":3},"end":{"line":47,"column":4}}],"line":40},"1":{"loc":{"start":{"line":48,"column":3},"end":{"line":50,"column":4}},"type":"if","locations":[{"start":{"line":48,"column":3},"end":{"line":50,"column":4}},{"start":{"line":48,"column":3},"end":{"line":50,"column":4}}],"line":48}},"s":{"0":1,"1":1,"2":1,"3":0,"4":0,"5":0,"6":0,"7":0},"f":{"0":1,"1":0,"2":0},"b":{"0":[0,0],"1":[0,0]},"_coverageSchema":"43e27e138ebf9cfc5966b082cf9a028302ed4184","hash":"ed0d86ed48658aac4bd4ada193ff693a67c3b593","contentHash":"8184861b6d0cbd17f0be123c638e8ff99fbc9c580082e38643bc5ce1914b426c"},"C:\\Users\\roger\\source\\onvif\\lib\\replay.js":{"path":"C:\\Users\\roger\\source\\onvif\\lib\\replay.js","statementMap":{"0":{"start":{"line":7,"column":0},"end":{"line":45,"column":2}},"1":{"start":{"line":9,"column":18},"end":{"line":9,"column":45}},"2":{"start":{"line":24,"column":1},"end":{"line":44,"column":3}},"3":{"start":{"line":25,"column":2},"end":{"line":25,"column":67}},"4":{"start":{"line":25,"column":32},"end":{"line":25,"column":51}},"5":{"start":{"line":25,"column":52},"end":{"line":25,"column":65}},"6":{"start":{"line":26,"column":2},"end":{"line":43,"column":16}},"7":{"start":{"line":40,"column":3},"end":{"line":42,"column":4}},"8":{"start":{"line":41,"column":4},"end":{"line":41,"column":88}}},"fnMap":{"0":{"name":"(anonymous_0)","decl":{"start":{"line":7,"column":17},"end":{"line":7,"column":18}},"loc":{"start":{"line":7,"column":31},"end":{"line":45,"column":1}},"line":7},"1":{"name":"(anonymous_1)","decl":{"start":{"line":24,"column":30},"end":{"line":24,"column":31}},"loc":{"start":{"line":24,"column":58},"end":{"line":44,"column":2}},"line":24},"2":{"name":"(anonymous_2)","decl":{"start":{"line":39,"column":5},"end":{"line":39,"column":6}},"loc":{"start":{"line":39,"column":30},"end":{"line":43,"column":3}},"line":39}},"branchMap":{"0":{"loc":{"start":{"line":25,"column":2},"end":{"line":25,"column":67}},"type":"if","locations":[{"start":{"line":25,"column":2},"end":{"line":25,"column":67}},{"start":{"line":25,"column":2},"end":{"line":25,"column":67}}],"line":25},"1":{"loc":{"start":{"line":31,"column":61},"end":{"line":31,"column":92}},"type":"binary-expr","locations":[{"start":{"line":31,"column":61},"end":{"line":31,"column":75}},{"start":{"line":31,"column":79},"end":{"line":31,"column":92}}],"line":31},"2":{"loc":{"start":{"line":33,"column":22},"end":{"line":33,"column":48}},"type":"binary-expr","locations":[{"start":{"line":33,"column":22},"end":{"line":33,"column":38}},{"start":{"line":33,"column":42},"end":{"line":33,"column":48}}],"line":33},"3":{"loc":{"start":{"line":40,"column":3},"end":{"line":42,"column":4}},"type":"if","locations":[{"start":{"line":40,"column":3},"end":{"line":42,"column":4}},{"start":{"line":40,"column":3},"end":{"line":42,"column":4}}],"line":40},"4":{"loc":{"start":{"line":41,"column":29},"end":{"line":41,"column":81}},"type":"cond-expr","locations":[{"start":{"line":41,"column":35},"end":{"line":41,"column":39}},{"start":{"line":41,"column":42},"end":{"line":41,"column":81}}],"line":41}},"s":{"0":1,"1":1,"2":1,"3":0,"4":0,"5":0,"6":0,"7":0,"8":0},"f":{"0":1,"1":0,"2":0},"b":{"0":[0,0],"1":[0,0],"2":[0,0],"3":[0,0],"4":[0,0]},"_coverageSchema":"43e27e138ebf9cfc5966b082cf9a028302ed4184","hash":"fa500fca2417ce80a844e1fbcaf4c285c85d8d91","contentHash":"eb571d6bd67f78beb261ea27d5ef16f757a353c45642d7dbcb0e5993826d409a"},"C:\\Users\\roger\\source\\onvif\\lib\\discovery.js":{"path":"C:\\Users\\roger\\source\\onvif\\lib\\discovery.js","statementMap":{"0":{"start":{"line":9,"column":7},"end":{"line":9,"column":27}},"1":{"start":{"line":10,"column":12},"end":{"line":10,"column":29}},"2":{"start":{"line":11,"column":10},"end":{"line":11,"column":33}},"3":{"start":{"line":12,"column":14},"end":{"line":12,"column":41}},"4":{"start":{"line":13,"column":21},"end":{"line":13,"column":55}},"5":{"start":{"line":14,"column":9},"end":{"line":14,"column":23}},"6":{"start":{"line":15,"column":8},"end":{"line":15,"column":21}},"7":{"start":{"line":23,"column":16},"end":{"line":23,"column":56}},"8":{"start":{"line":62,"column":0},"end":{"line":173,"column":2}},"9":{"start":{"line":63,"column":1},"end":{"line":70,"column":2}},"10":{"start":{"line":64,"column":2},"end":{"line":69,"column":3}},"11":{"start":{"line":65,"column":3},"end":{"line":65,"column":22}},"12":{"start":{"line":66,"column":3},"end":{"line":66,"column":16}},"13":{"start":{"line":68,"column":3},"end":{"line":68,"column":27}},"14":{"start":{"line":71,"column":1},"end":{"line":71,"column":38}},"15":{"start":{"line":73,"column":12},"end":{"line":73,"column":14}},"16":{"start":{"line":74,"column":13},"end":{"line":74,"column":15}},"17":{"start":{"line":75,"column":16},"end":{"line":75,"column":59}},"18":{"start":{"line":76,"column":14},"end":{"line":90,"column":3}},"19":{"start":{"line":91,"column":13},"end":{"line":91,"column":50}},"20":{"start":{"line":93,"column":1},"end":{"line":96,"column":4}},"21":{"start":{"line":94,"column":2},"end":{"line":94,"column":31}},"22":{"start":{"line":95,"column":2},"end":{"line":95,"column":16}},"23":{"start":{"line":98,"column":18},"end":{"line":148,"column":2}},"24":{"start":{"line":99,"column":2},"end":{"line":147,"column":5}},"25":{"start":{"line":101,"column":3},"end":{"line":146,"column":4}},"26":{"start":{"line":102,"column":4},"end":{"line":102,"column":102}},"27":{"start":{"line":108,"column":4},"end":{"line":108,"column":96}},"28":{"start":{"line":110,"column":4},"end":{"line":110,"column":26}},"29":{"start":{"line":114,"column":18},"end":{"line":114,"column":72}},"30":{"start":{"line":115,"column":4},"end":{"line":145,"column":5}},"31":{"start":{"line":117,"column":5},"end":{"line":137,"column":6}},"32":{"start":{"line":119,"column":20},"end":{"line":119,"column":81}},"33":{"start":{"line":120,"column":18},"end":{"line":120,"column":52}},"34":{"start":{"line":122,"column":6},"end":{"line":127,"column":9}},"35":{"start":{"line":134,"column":6},"end":{"line":134,"column":27}},"36":{"start":{"line":136,"column":6},"end":{"line":136,"column":17}},"37":{"start":{"line":138,"column":5},"end":{"line":138,"column":25}},"38":{"start":{"line":144,"column":5},"end":{"line":144,"column":47}},"39":{"start":{"line":151,"column":1},"end":{"line":163,"column":2}},"40":{"start":{"line":152,"column":19},"end":{"line":152,"column":41}},"41":{"start":{"line":154,"column":2},"end":{"line":162,"column":3}},"42":{"start":{"line":155,"column":3},"end":{"line":161,"column":6}},"43":{"start":{"line":157,"column":4},"end":{"line":160,"column":5}},"44":{"start":{"line":158,"column":5},"end":{"line":158,"column":40}},"45":{"start":{"line":159,"column":5},"end":{"line":159,"column":17}},"46":{"start":{"line":165,"column":1},"end":{"line":165,"column":32}},"47":{"start":{"line":166,"column":1},"end":{"line":166,"column":66}},"48":{"start":{"line":168,"column":1},"end":{"line":172,"column":40}},"49":{"start":{"line":169,"column":2},"end":{"line":169,"column":45}},"50":{"start":{"line":170,"column":2},"end":{"line":170,"column":17}},"51":{"start":{"line":171,"column":2},"end":{"line":171,"column":104}},"52":{"start":{"line":171,"column":81},"end":{"line":171,"column":99}},"53":{"start":{"line":182,"column":15},"end":{"line":184,"column":3}},"54":{"start":{"line":183,"column":2},"end":{"line":183,"column":36}},"55":{"start":{"line":185,"column":1},"end":{"line":185,"column":32}},"56":{"start":{"line":188,"column":0},"end":{"line":190,"column":2}}},"fnMap":{"0":{"name":"(anonymous_0)","decl":{"start":{"line":62,"column":18},"end":{"line":62,"column":19}},"loc":{"start":{"line":62,"column":46},"end":{"line":173,"column":1}},"line":62},"1":{"name":"(anonymous_1)","decl":{"start":{"line":71,"column":24},"end":{"line":71,"column":25}},"loc":{"start":{"line":71,"column":35},"end":{"line":71,"column":37}},"line":71},"2":{"name":"(anonymous_2)","decl":{"start":{"line":93,"column":20},"end":{"line":93,"column":21}},"loc":{"start":{"line":93,"column":34},"end":{"line":96,"column":2}},"line":93},"3":{"name":"(anonymous_3)","decl":{"start":{"line":98,"column":18},"end":{"line":98,"column":19}},"loc":{"start":{"line":98,"column":39},"end":{"line":148,"column":2}},"line":98},"4":{"name":"(anonymous_4)","decl":{"start":{"line":99,"column":34},"end":{"line":99,"column":35}},"loc":{"start":{"line":99,"column":59},"end":{"line":147,"column":3}},"line":99},"5":{"name":"(anonymous_5)","decl":{"start":{"line":155,"column":35},"end":{"line":155,"column":36}},"loc":{"start":{"line":155,"column":53},"end":{"line":161,"column":4}},"line":155},"6":{"name":"(anonymous_6)","decl":{"start":{"line":168,"column":12},"end":{"line":168,"column":13}},"loc":{"start":{"line":168,"column":23},"end":{"line":172,"column":2}},"line":168},"7":{"name":"(anonymous_7)","decl":{"start":{"line":171,"column":64},"end":{"line":171,"column":65}},"loc":{"start":{"line":171,"column":79},"end":{"line":171,"column":101}},"line":171},"8":{"name":"matchXAddr","decl":{"start":{"line":181,"column":9},"end":{"line":181,"column":19}},"loc":{"start":{"line":181,"column":37},"end":{"line":186,"column":1}},"line":181},"9":{"name":"(anonymous_9)","decl":{"start":{"line":182,"column":29},"end":{"line":182,"column":30}},"loc":{"start":{"line":182,"column":45},"end":{"line":184,"column":2}},"line":182}},"branchMap":{"0":{"loc":{"start":{"line":63,"column":1},"end":{"line":70,"column":2}},"type":"if","locations":[{"start":{"line":63,"column":1},"end":{"line":70,"column":2}},{"start":{"line":63,"column":1},"end":{"line":70,"column":2}}],"line":63},"1":{"loc":{"start":{"line":64,"column":2},"end":{"line":69,"column":3}},"type":"if","locations":[{"start":{"line":64,"column":2},"end":{"line":69,"column":3}},{"start":{"line":64,"column":2},"end":{"line":69,"column":3}}],"line":64},"2":{"loc":{"start":{"line":68,"column":13},"end":{"line":68,"column":26}},"type":"binary-expr","locations":[{"start":{"line":68,"column":13},"end":{"line":68,"column":20}},{"start":{"line":68,"column":24},"end":{"line":68,"column":26}}],"line":68},"3":{"loc":{"start":{"line":71,"column":12},"end":{"line":71,"column":37}},"type":"binary-expr","locations":[{"start":{"line":71,"column":12},"end":{"line":71,"column":20}},{"start":{"line":71,"column":24},"end":{"line":71,"column":37}}],"line":71},"4":{"loc":{"start":{"line":75,"column":31},"end":{"line":75,"column":58}},"type":"binary-expr","locations":[{"start":{"line":75,"column":31},"end":{"line":75,"column":48}},{"start":{"line":75,"column":52},"end":{"line":75,"column":58}}],"line":75},"5":{"loc":{"start":{"line":101,"column":3},"end":{"line":146,"column":4}},"type":"if","locations":[{"start":{"line":101,"column":3},"end":{"line":146,"column":4}},{"start":{"line":101,"column":3},"end":{"line":146,"column":4}}],"line":101},"6":{"loc":{"start":{"line":101,"column":7},"end":{"line":101,"column":35}},"type":"binary-expr","locations":[{"start":{"line":101,"column":7},"end":{"line":101,"column":10}},{"start":{"line":101,"column":14},"end":{"line":101,"column":35}}],"line":101},"7":{"loc":{"start":{"line":102,"column":16},"end":{"line":102,"column":100}},"type":"binary-expr","locations":[{"start":{"line":102,"column":16},"end":{"line":102,"column":19}},{"start":{"line":102,"column":23},"end":{"line":102,"column":100}}],"line":102},"8":{"loc":{"start":{"line":115,"column":4},"end":{"line":145,"column":5}},"type":"if","locations":[{"start":{"line":115,"column":4},"end":{"line":145,"column":5}},{"start":{"line":115,"column":4},"end":{"line":145,"column":5}}],"line":115},"9":{"loc":{"start":{"line":117,"column":5},"end":{"line":137,"column":6}},"type":"if","locations":[{"start":{"line":117,"column":5},"end":{"line":137,"column":6}},{"start":{"line":117,"column":5},"end":{"line":137,"column":6}}],"line":117},"10":{"loc":{"start":{"line":151,"column":1},"end":{"line":163,"column":2}},"type":"if","locations":[{"start":{"line":151,"column":1},"end":{"line":163,"column":2}},{"start":{"line":151,"column":1},"end":{"line":163,"column":2}}],"line":151},"11":{"loc":{"start":{"line":154,"column":2},"end":{"line":162,"column":3}},"type":"if","locations":[{"start":{"line":154,"column":2},"end":{"line":162,"column":3}},{"start":{"line":154,"column":2},"end":{"line":162,"column":3}}],"line":154},"12":{"loc":{"start":{"line":157,"column":4},"end":{"line":160,"column":5}},"type":"if","locations":[{"start":{"line":157,"column":4},"end":{"line":160,"column":5}},{"start":{"line":157,"column":4},"end":{"line":160,"column":5}}],"line":157},"13":{"loc":{"start":{"line":171,"column":11},"end":{"line":171,"column":40}},"type":"cond-expr","locations":[{"start":{"line":171,"column":27},"end":{"line":171,"column":33}},{"start":{"line":171,"column":36},"end":{"line":171,"column":40}}],"line":171},"14":{"loc":{"start":{"line":172,"column":15},"end":{"line":172,"column":38}},"type":"binary-expr","locations":[{"start":{"line":172,"column":15},"end":{"line":172,"column":30}},{"start":{"line":172,"column":34},"end":{"line":172,"column":38}}],"line":172},"15":{"loc":{"start":{"line":185,"column":8},"end":{"line":185,"column":31}},"type":"binary-expr","locations":[{"start":{"line":185,"column":8},"end":{"line":185,"column":18}},{"start":{"line":185,"column":22},"end":{"line":185,"column":31}}],"line":185}},"s":{"0":1,"1":1,"2":1,"3":1,"4":1,"5":1,"6":1,"7":1,"8":1,"9":0,"10":0,"11":0,"12":0,"13":0,"14":0,"15":0,"16":0,"17":0,"18":0,"19":0,"20":0,"21":0,"22":0,"23":0,"24":0,"25":0,"26":0,"27":0,"28":0,"29":0,"30":0,"31":0,"32":0,"33":0,"34":0,"35":0,"36":0,"37":0,"38":0,"39":0,"40":0,"41":0,"42":0,"43":0,"44":0,"45":0,"46":0,"47":0,"48":0,"49":0,"50":0,"51":0,"52":0,"53":0,"54":0,"55":0,"56":1},"f":{"0":0,"1":0,"2":0,"3":0,"4":0,"5":0,"6":0,"7":0,"8":0,"9":0},"b":{"0":[0,0],"1":[0,0],"2":[0,0],"3":[0,0],"4":[0,0],"5":[0,0],"6":[0,0],"7":[0,0],"8":[0,0],"9":[0,0],"10":[0,0],"11":[0,0],"12":[0,0],"13":[0,0],"14":[0,0],"15":[0,0]},"_coverageSchema":"43e27e138ebf9cfc5966b082cf9a028302ed4184","hash":"95c178929fc930daba98b4daae8d187deb0b8a71","contentHash":"0b195d3cd9e76fb2706c00b992fa1bdbd60e7877048edba12f40c591aa20c1dc"}}